INFO: [VRFC 10-2263] Analyzing Verilog file "D:/Code/CPU/CPU.srcs/sources_1/new/Controller.v" into library xil_defaultlib
INFO: [VRFC 10-311] analyzing module Controller
INFO: [VRFC 10-2263] Analyzing Verilog file "D:/Code/CPU/CPU.srcs/sim_1/new/tb_Controler.v" into library xil_defaultlib
INFO: [VRFC 10-311] analyzing module tb_Controler
ERROR: [VRFC 10-1280] procedural assignment to a non-register AluOp is not permitted, left-hand side should be reg/integer/time/genvar [D:/Code/CPU/CPU.srcs/sim_1/new/tb_Controler.v:22]
ERROR: [VRFC 10-1280] procedural assignment to a non-register AluOp is not permitted, left-hand side should be reg/integer/time/genvar [D:/Code/CPU/CPU.srcs/sim_1/new/tb_Controler.v:22]
ERROR: [VRFC 10-1280] procedural assignment to a non-register RegWrite is not permitted, left-hand side should be reg/integer/time/genvar [D:/Code/CPU/CPU.srcs/sim_1/new/tb_Controler.v:23]
ERROR: [VRFC 10-1280] procedural assignment to a non-register RegWrite is not permitted, left-hand side should be reg/integer/time/genvar [D:/Code/CPU/CPU.srcs/sim_1/new/tb_Controler.v:23]
ERROR: [VRFC 10-1280] procedural assignment to a non-register RegDst is not permitted, left-hand side should be reg/integer/time/genvar [D:/Code/CPU/CPU.srcs/sim_1/new/tb_Controler.v:23]
ERROR: [VRFC 10-1280] procedural assignment to a non-register RegDst is not permitted, left-hand side should be reg/integer/time/genvar [D:/Code/CPU/CPU.srcs/sim_1/new/tb_Controler.v:23]
ERROR: [VRFC 10-1280] procedural assignment to a non-register MemtoReg is not permitted, left-hand side should be reg/integer/time/genvar [D:/Code/CPU/CPU.srcs/sim_1/new/tb_Controler.v:24]
ERROR: [VRFC 10-1280] procedural assignment to a non-register MemtoReg is not permitted, left-hand side should be reg/integer/time/genvar [D:/Code/CPU/CPU.srcs/sim_1/new/tb_Controler.v:24]
ERROR: [VRFC 10-1280] procedural assignment to a non-register MemWrite is not permitted, left-hand side should be reg/integer/time/genvar [D:/Code/CPU/CPU.srcs/sim_1/new/tb_Controler.v:24]
ERROR: [VRFC 10-1280] procedural assignment to a non-register MemWrite is not permitted, left-hand side should be reg/integer/time/genvar [D:/Code/CPU/CPU.srcs/sim_1/new/tb_Controler.v:24]
ERROR: [VRFC 10-1280] procedural assignment to a non-register AluSrc is not permitted, left-hand side should be reg/integer/time/genvar [D:/Code/CPU/CPU.srcs/sim_1/new/tb_Controler.v:24]
ERROR: [VRFC 10-1280] procedural assignment to a non-register AluSrc is not permitted, left-hand side should be reg/integer/time/genvar [D:/Code/CPU/CPU.srcs/sim_1/new/tb_Controler.v:24]
ERROR: [VRFC 10-1280] procedural assignment to a non-register Syscall is not permitted, left-hand side should be reg/integer/time/genvar [D:/Code/CPU/CPU.srcs/sim_1/new/tb_Controler.v:24]
ERROR: [VRFC 10-1280] procedural assignment to a non-register Syscall is not permitted, left-hand side should be reg/integer/time/genvar [D:/Code/CPU/CPU.srcs/sim_1/new/tb_Controler.v:24]
ERROR: [VRFC 10-1280] procedural assignment to a non-register SignedExt is not permitted, left-hand side should be reg/integer/time/genvar [D:/Code/CPU/CPU.srcs/sim_1/new/tb_Controler.v:24]
ERROR: [VRFC 10-1280] procedural assignment to a non-register SignedExt is not permitted, left-hand side should be reg/integer/time/genvar [D:/Code/CPU/CPU.srcs/sim_1/new/tb_Controler.v:24]
ERROR: [VRFC 10-1280] procedural assignment to a non-register BEQ is not permitted, left-hand side should be reg/integer/time/genvar [D:/Code/CPU/CPU.srcs/sim_1/new/tb_Controler.v:25]
ERROR: [VRFC 10-1280] procedural assignment to a non-register BEQ is not permitted, left-hand side should be reg/integer/time/genvar [D:/Code/CPU/CPU.srcs/sim_1/new/tb_Controler.v:25]
ERROR: [VRFC 10-1280] procedural assignment to a non-register BNE is not permitted, left-hand side should be reg/integer/time/genvar [D:/Code/CPU/CPU.srcs/sim_1/new/tb_Controler.v:25]
INFO: [#UNDEF] Sorry, too many errors..
