Vivado Simulator 2015.2
Time resolution is 1 ps
____REG____

addr =           0, Data=         0

addr =           1, Data=         0

addr =           2, Data=         0

addr =           3, Data=         0

addr =           4, Data=         0

addr =           5, Data=         0

addr =           6, Data=         0

addr =           7, Data=         0

addr =           8, Data=         0

addr =           9, Data=         0

addr =          10, Data=         0

addr =          11, Data=         0

addr =          12, Data=         0

addr =          13, Data=         0

addr =          14, Data=         0

addr =          15, Data=         0

addr =          16, Data=         0

addr =          17, Data=         0

addr =          18, Data=         0

addr =          19, Data=         0

addr =          31, Data=         0

周期 =          0 ：

PC = 00000000：

IR = 20110004：

OP= 8, Func =  4
控制信号：

AluOp =  5, MemToReg=0, MemWrite=0, Alu_Src=1, RegWrite=1, Syscall=0, SignedExt = 1

RegDst = 0, BEQ=0, BNE = 0, JR=0, JMP=0, JAL=0

rs =  0

rt = 17

rd =  0

rA =  0

rB = 17

rW = 17

imme16 =          4

imme26 =    1114116

wData =          4

RegOutA =          0

RegOutB =          0

Alu_InB =          4

Alu_Out =          4

MemAddr =       1

Mem_Data_In =          0

Mem_Data_Out =          0

Result =          4

showLED = 0

pause_state = 0

Go = 0

LedData =          0

____REG____

addr =           0, Data=         0

addr =           1, Data=         0

addr =           2, Data=         0

addr =           3, Data=         0

addr =           4, Data=         0

addr =           5, Data=         0

addr =           6, Data=         0

addr =           7, Data=         0

addr =           8, Data=         0

addr =           9, Data=         0

addr =          10, Data=         0

addr =          11, Data=         0

addr =          12, Data=         0

addr =          13, Data=         0

addr =          14, Data=         0

addr =          15, Data=         0

addr =          16, Data=         0

addr =          17, Data=         4

addr =          18, Data=         0

addr =          19, Data=         0

addr =          31, Data=         0

____MEM____CHANGE____

Addr =       1, Data=         0

周期 =          1 ：

PC = 00000004：

IR = ae310000：

OP=43, Func =  0
控制信号：

AluOp =  5, MemToReg=0, MemWrite=1, Alu_Src=1, RegWrite=0, Syscall=0, SignedExt = 1

RegDst = 0, BEQ=0, BNE = 0, JR=0, JMP=0, JAL=0

rs = 17

rt = 17

rd =  0

rA = 17

rB = 17

rW = 17

imme16 =          0

imme26 = 4264624128

wData =          4

RegOutA =          4

RegOutB =          4

Alu_InB =          0

Alu_Out =          4

MemAddr =       1

Mem_Data_In =          4

Mem_Data_Out =          0

Result =          4

showLED = 0

pause_state = 0

Go = 0

LedData =          0

____REG____

addr =           0, Data=         0

addr =           1, Data=         0

addr =           2, Data=         0

addr =           3, Data=         0

addr =           4, Data=         0

addr =           5, Data=         0

addr =           6, Data=         0

addr =           7, Data=         0

addr =           8, Data=         0

addr =           9, Data=         0

addr =          10, Data=         0

addr =          11, Data=         0

addr =          12, Data=         0

addr =          13, Data=         0

addr =          14, Data=         0

addr =          15, Data=         0

addr =          16, Data=         0

addr =          17, Data=         4

addr =          18, Data=         0

addr =          19, Data=         0

addr =          31, Data=         0

周期 =          2 ：

PC = 00000008：

IR = 8e320000：

OP=35, Func =  0
控制信号：

AluOp =  5, MemToReg=1, MemWrite=0, Alu_Src=1, RegWrite=1, Syscall=0, SignedExt = 1

RegDst = 0, BEQ=0, BNE = 0, JR=0, JMP=0, JAL=0

rs = 17

rt = 18

rd =  0

rA = 17

rB = 18

rW = 18

imme16 =          0

imme26 = 4264689664

wData =          4

RegOutA =          4

RegOutB =          0

Alu_InB =          0

Alu_Out =          4

MemAddr =       1

Mem_Data_In =          4

Mem_Data_Out =          4

Result =          4

showLED = 0

pause_state = 0

Go = 0

LedData =          0

____REG____

addr =           0, Data=         0

addr =           1, Data=         0

addr =           2, Data=         0

addr =           3, Data=         0

addr =           4, Data=         0

addr =           5, Data=         0

addr =           6, Data=         0

addr =           7, Data=         0

addr =           8, Data=         0

addr =           9, Data=         0

addr =          10, Data=         0

addr =          11, Data=         0

addr =          12, Data=         0

addr =          13, Data=         0

addr =          14, Data=         0

addr =          15, Data=         0

addr =          16, Data=         0

addr =          17, Data=         4

addr =          18, Data=         4

addr =          19, Data=         0

addr =          31, Data=         0

周期 =          3 ：

PC = 0000000c：

IR = 2252fffc：

OP= 8, Func = 60
控制信号：

AluOp =  5, MemToReg=0, MemWrite=0, Alu_Src=1, RegWrite=1, Syscall=0, SignedExt = 1

RegDst = 0, BEQ=0, BNE = 0, JR=0, JMP=0, JAL=0

rs = 18

rt = 18

rd = 31

rA = 18

rB = 18

rW = 18

imme16 = 4294967292

imme26 = 4266852348

wData =          0

RegOutA =          4

RegOutB =          4

Alu_InB = 4294967292

Alu_Out =          0

MemAddr =       0

Mem_Data_In =          4

Mem_Data_Out =          0

Result =          0

showLED = 0

pause_state = 0

Go = 0

LedData =          0

____REG____

addr =           0, Data=         0

addr =           1, Data=         0

addr =           2, Data=         0

addr =           3, Data=         0

addr =           4, Data=         0

addr =           5, Data=         0

addr =           6, Data=         0

addr =           7, Data=         0

addr =           8, Data=         0

addr =           9, Data=         0

addr =          10, Data=         0

addr =          11, Data=         0

addr =          12, Data=         0

addr =          13, Data=         0

addr =          14, Data=         0

addr =          15, Data=         0

addr =          16, Data=         0

addr =          17, Data=         4

addr =          18, Data=         0

addr =          19, Data=         0

addr =          31, Data=         0

周期 =          4 ：

PC = 00000010：

IR = 20100000：

OP= 8, Func =  0
控制信号：

AluOp =  5, MemToReg=0, MemWrite=0, Alu_Src=1, RegWrite=1, Syscall=0, SignedExt = 1

RegDst = 0, BEQ=0, BNE = 0, JR=0, JMP=0, JAL=0

rs =  0

rt = 16

rd =  0

rA =  0

rB = 16

rW = 16

imme16 =          0

imme26 =    1048576

wData =          0

RegOutA =          0

RegOutB =          0

Alu_InB =          0

Alu_Out =          0

MemAddr =       0

Mem_Data_In =          0

Mem_Data_Out =          0

Result =          0

showLED = 0

pause_state = 0

Go = 0

LedData =          0

____REG____

addr =           0, Data=         0

addr =           1, Data=         0

addr =           2, Data=         0

addr =           3, Data=         0

addr =           4, Data=         0

addr =           5, Data=         0

addr =           6, Data=         0

addr =           7, Data=         0

addr =           8, Data=         0

addr =           9, Data=         0

addr =          10, Data=         0

addr =          11, Data=         0

addr =          12, Data=         0

addr =          13, Data=         0

addr =          14, Data=         0

addr =          15, Data=         0

addr =          16, Data=         0

addr =          17, Data=         4

addr =          18, Data=         0

addr =          19, Data=         0

addr =          31, Data=         0

周期 =          5 ：

PC = 00000014：

IR = 22110001：

OP= 8, Func =  1
控制信号：

AluOp =  5, MemToReg=0, MemWrite=0, Alu_Src=1, RegWrite=1, Syscall=0, SignedExt = 1

RegDst = 0, BEQ=0, BNE = 0, JR=0, JMP=0, JAL=0

rs = 16

rt = 17

rd =  0

rA = 16

rB = 17

rW = 17

imme16 =          1

imme26 = 4262526977

wData =          1

RegOutA =          0

RegOutB =          4

Alu_InB =          1

Alu_Out =          1

MemAddr =       0

Mem_Data_In =          0

Mem_Data_Out =          0

Result =          1

showLED = 0

pause_state = 0

Go = 0

LedData =          0

____REG____

addr =           0, Data=         0

addr =           1, Data=         0

addr =           2, Data=         0

addr =           3, Data=         0

addr =           4, Data=         0

addr =           5, Data=         0

addr =           6, Data=         0

addr =           7, Data=         0

addr =           8, Data=         0

addr =           9, Data=         0

addr =          10, Data=         0

addr =          11, Data=         0

addr =          12, Data=         0

addr =          13, Data=         0

addr =          14, Data=         0

addr =          15, Data=         0

addr =          16, Data=         0

addr =          17, Data=         1

addr =          18, Data=         0

addr =          19, Data=         0

addr =          31, Data=         0

周期 =          6 ：

PC = 00000018：

IR = 02118020：

OP= 0, Func = 32
控制信号：

AluOp =  5, MemToReg=0, MemWrite=0, Alu_Src=0, RegWrite=1, Syscall=0, SignedExt = 0

RegDst = 1, BEQ=0, BNE = 0, JR=0, JMP=0, JAL=0

rs = 16

rt = 17

rd = 16

rA = 16

rB = 17

rW = 16

imme16 =      32800

imme26 =   34701344

wData =          1

RegOutA =          0

RegOutB =          1

Alu_InB =          1

Alu_Out =          1

MemAddr =       0

Mem_Data_In =          0

Mem_Data_Out =          0

Result =          1

showLED = 0

pause_state = 0

Go = 0

LedData =          0

____REG____

addr =           0, Data=         0

addr =           1, Data=         0

addr =           2, Data=         0

addr =           3, Data=         0

addr =           4, Data=         0

addr =           5, Data=         0

addr =           6, Data=         0

addr =           7, Data=         0

addr =           8, Data=         0

addr =           9, Data=         0

addr =          10, Data=         0

addr =          11, Data=         0

addr =          12, Data=         0

addr =          13, Data=         0

addr =          14, Data=         0

addr =          15, Data=         0

addr =          16, Data=         1

addr =          17, Data=         1

addr =          18, Data=         0

addr =          19, Data=         0

addr =          31, Data=         0

周期 =          7 ：

PC = 0000001c：

IR = 22520004：

OP= 8, Func =  4
控制信号：

AluOp =  5, MemToReg=0, MemWrite=0, Alu_Src=1, RegWrite=1, Syscall=0, SignedExt = 1

RegDst = 0, BEQ=0, BNE = 0, JR=0, JMP=0, JAL=0

rs = 18

rt = 18

rd =  0

rA = 18

rB = 18

rW = 18

imme16 =          4

imme26 = 4266786820

wData =          4

RegOutA =          0

RegOutB =          0

Alu_InB =          4

Alu_Out =          4

MemAddr =       1

Mem_Data_In =          0

Mem_Data_Out =          4

Result =          4

showLED = 0

pause_state = 0

Go = 0

LedData =          0

____REG____

addr =           0, Data=         0

addr =           1, Data=         0

addr =           2, Data=         0

addr =           3, Data=         0

addr =           4, Data=         0

addr =           5, Data=         0

addr =           6, Data=         0

addr =           7, Data=         0

addr =           8, Data=         0

addr =           9, Data=         0

addr =          10, Data=         0

addr =          11, Data=         0

addr =          12, Data=         0

addr =          13, Data=         0

addr =          14, Data=         0

addr =          15, Data=         0

addr =          16, Data=         1

addr =          17, Data=         1

addr =          18, Data=         4

addr =          19, Data=         0

addr =          31, Data=         0

____MEM____CHANGE____

Addr =       1, Data=         4

周期 =          8 ：

PC = 00000020：

IR = ae500000：

OP=43, Func =  0
控制信号：

AluOp =  5, MemToReg=0, MemWrite=1, Alu_Src=1, RegWrite=0, Syscall=0, SignedExt = 1

RegDst = 0, BEQ=0, BNE = 0, JR=0, JMP=0, JAL=0

rs = 18

rt = 16

rd =  0

rA = 18

rB = 16

rW = 16

imme16 =          0

imme26 = 4266655744

wData =          4

RegOutA =          4

RegOutB =          1

Alu_InB =          0

Alu_Out =          4

MemAddr =       1

Mem_Data_In =          4

Mem_Data_Out =          4

Result =          4

showLED = 0

pause_state = 0

Go = 0

LedData =          0

____REG____

addr =           0, Data=         0

addr =           1, Data=         0

addr =           2, Data=         0

addr =           3, Data=         0

addr =           4, Data=         0

addr =           5, Data=         0

addr =           6, Data=         0

addr =           7, Data=         0

addr =           8, Data=         0

addr =           9, Data=         0

addr =          10, Data=         0

addr =          11, Data=         0

addr =          12, Data=         0

addr =          13, Data=         0

addr =          14, Data=         0

addr =          15, Data=         0

addr =          16, Data=         1

addr =          17, Data=         1

addr =          18, Data=         4

addr =          19, Data=         0

addr =          31, Data=         0

周期 =          9 ：

PC = 00000024：

IR = 22310001：

OP= 8, Func =  1
控制信号：

AluOp =  5, MemToReg=0, MemWrite=0, Alu_Src=1, RegWrite=1, Syscall=0, SignedExt = 1

RegDst = 0, BEQ=0, BNE = 0, JR=0, JMP=0, JAL=0

rs = 17

rt = 17

rd =  0

rA = 17

rB = 17

rW = 17

imme16 =          1

imme26 = 4264624129

wData =          2

RegOutA =          1

RegOutB =          1

Alu_InB =          1

Alu_Out =          2

MemAddr =       0

Mem_Data_In =          1

Mem_Data_Out =          0

Result =          2

showLED = 0

pause_state = 0

Go = 0

LedData =          0

____REG____

addr =           0, Data=         0

addr =           1, Data=         0

addr =           2, Data=         0

addr =           3, Data=         0

addr =           4, Data=         0

addr =           5, Data=         0

addr =           6, Data=         0

addr =           7, Data=         0

addr =           8, Data=         0

addr =           9, Data=         0

addr =          10, Data=         0

addr =          11, Data=         0

addr =          12, Data=         0

addr =          13, Data=         0

addr =          14, Data=         0

addr =          15, Data=         0

addr =          16, Data=         1

addr =          17, Data=         2

addr =          18, Data=         4

addr =          19, Data=         0

addr =          31, Data=         0

周期 =         10 ：

PC = 00000028：

IR = 02118020：

OP= 0, Func = 32
控制信号：

AluOp =  5, MemToReg=0, MemWrite=0, Alu_Src=0, RegWrite=1, Syscall=0, SignedExt = 0

RegDst = 1, BEQ=0, BNE = 0, JR=0, JMP=0, JAL=0

rs = 16

rt = 17

rd = 16

rA = 16

rB = 17

rW = 16

imme16 =      32800

imme26 =   34701344

wData =          3

RegOutA =          1

RegOutB =          2

Alu_InB =          2

Alu_Out =          3

MemAddr =       0

Mem_Data_In =          1

Mem_Data_Out =          0

Result =          3

showLED = 0

pause_state = 0

Go = 0

LedData =          0

____REG____

addr =           0, Data=         0

addr =           1, Data=         0

addr =           2, Data=         0

addr =           3, Data=         0

addr =           4, Data=         0

addr =           5, Data=         0

addr =           6, Data=         0

addr =           7, Data=         0

addr =           8, Data=         0

addr =           9, Data=         0

addr =          10, Data=         0

addr =          11, Data=         0

addr =          12, Data=         0

addr =          13, Data=         0

addr =          14, Data=         0

addr =          15, Data=         0

addr =          16, Data=         3

addr =          17, Data=         2

addr =          18, Data=         4

addr =          19, Data=         0

addr =          31, Data=         0

周期 =         11 ：

PC = 0000002c：

IR = 22520004：

OP= 8, Func =  4
控制信号：

AluOp =  5, MemToReg=0, MemWrite=0, Alu_Src=1, RegWrite=1, Syscall=0, SignedExt = 1

RegDst = 0, BEQ=0, BNE = 0, JR=0, JMP=0, JAL=0

rs = 18

rt = 18

rd =  0

rA = 18

rB = 18

rW = 18

imme16 =          4

imme26 = 4266786820

wData =          8

RegOutA =          4

RegOutB =          4

Alu_InB =          4

Alu_Out =          8

MemAddr =       2

Mem_Data_In =          4

Mem_Data_Out =          0

Result =          8

showLED = 0

pause_state = 0

Go = 0

LedData =          0

____REG____

addr =           0, Data=         0

addr =           1, Data=         0

addr =           2, Data=         0

addr =           3, Data=         0

addr =           4, Data=         0

addr =           5, Data=         0

addr =           6, Data=         0

addr =           7, Data=         0

addr =           8, Data=         0

addr =           9, Data=         0

addr =          10, Data=         0

addr =          11, Data=         0

addr =          12, Data=         0

addr =          13, Data=         0

addr =          14, Data=         0

addr =          15, Data=         0

addr =          16, Data=         3

addr =          17, Data=         2

addr =          18, Data=         8

addr =          19, Data=         0

addr =          31, Data=         0

____MEM____CHANGE____

Addr =       2, Data=         0

周期 =         12 ：

PC = 00000030：

IR = ae500000：

OP=43, Func =  0
控制信号：

AluOp =  5, MemToReg=0, MemWrite=1, Alu_Src=1, RegWrite=0, Syscall=0, SignedExt = 1

RegDst = 0, BEQ=0, BNE = 0, JR=0, JMP=0, JAL=0

rs = 18

rt = 16

rd =  0

rA = 18

rB = 16

rW = 16

imme16 =          0

imme26 = 4266655744

wData =          8

RegOutA =          8

RegOutB =          3

Alu_InB =          0

Alu_Out =          8

MemAddr =       2

Mem_Data_In =          8

Mem_Data_Out =          0

Result =          8

showLED = 0

pause_state = 0

Go = 0

LedData =          0

____REG____

addr =           0, Data=         0

addr =           1, Data=         0

addr =           2, Data=         0

addr =           3, Data=         0

addr =           4, Data=         0

addr =           5, Data=         0

addr =           6, Data=         0

addr =           7, Data=         0

addr =           8, Data=         0

addr =           9, Data=         0

addr =          10, Data=         0

addr =          11, Data=         0

addr =          12, Data=         0

addr =          13, Data=         0

addr =          14, Data=         0

addr =          15, Data=         0

addr =          16, Data=         3

addr =          17, Data=         2

addr =          18, Data=         8

addr =          19, Data=         0

addr =          31, Data=         0

周期 =         13 ：

PC = 00000034：

IR = 22310001：

OP= 8, Func =  1
控制信号：

AluOp =  5, MemToReg=0, MemWrite=0, Alu_Src=1, RegWrite=1, Syscall=0, SignedExt = 1

RegDst = 0, BEQ=0, BNE = 0, JR=0, JMP=0, JAL=0

rs = 17

rt = 17

rd =  0

rA = 17

rB = 17

rW = 17

imme16 =          1

imme26 = 4264624129

wData =          3

RegOutA =          2

RegOutB =          2

Alu_InB =          1

Alu_Out =          3

MemAddr =       0

Mem_Data_In =          2

Mem_Data_Out =          0

Result =          3

showLED = 0

pause_state = 0

Go = 0

LedData =          0

____REG____

addr =           0, Data=         0

addr =           1, Data=         0

addr =           2, Data=         0

addr =           3, Data=         0

addr =           4, Data=         0

addr =           5, Data=         0

addr =           6, Data=         0

addr =           7, Data=         0

addr =           8, Data=         0

addr =           9, Data=         0

addr =          10, Data=         0

addr =          11, Data=         0

addr =          12, Data=         0

addr =          13, Data=         0

addr =          14, Data=         0

addr =          15, Data=         0

addr =          16, Data=         3

addr =          17, Data=         3

addr =          18, Data=         8

addr =          19, Data=         0

addr =          31, Data=         0

周期 =         14 ：

PC = 00000038：

IR = 02118020：

OP= 0, Func = 32
控制信号：

AluOp =  5, MemToReg=0, MemWrite=0, Alu_Src=0, RegWrite=1, Syscall=0, SignedExt = 0

RegDst = 1, BEQ=0, BNE = 0, JR=0, JMP=0, JAL=0

rs = 16

rt = 17

rd = 16

rA = 16

rB = 17

rW = 16

imme16 =      32800

imme26 =   34701344

wData =          6

RegOutA =          3

RegOutB =          3

Alu_InB =          3

Alu_Out =          6

MemAddr =       1

Mem_Data_In =          3

Mem_Data_Out =          4

Result =          6

showLED = 0

pause_state = 0

Go = 0

LedData =          0

____REG____

addr =           0, Data=         0

addr =           1, Data=         0

addr =           2, Data=         0

addr =           3, Data=         0

addr =           4, Data=         0

addr =           5, Data=         0

addr =           6, Data=         0

addr =           7, Data=         0

addr =           8, Data=         0

addr =           9, Data=         0

addr =          10, Data=         0

addr =          11, Data=         0

addr =          12, Data=         0

addr =          13, Data=         0

addr =          14, Data=         0

addr =          15, Data=         0

addr =          16, Data=         6

addr =          17, Data=         3

addr =          18, Data=         8

addr =          19, Data=         0

addr =          31, Data=         0

周期 =         15 ：

PC = 0000003c：

IR = 22520004：

OP= 8, Func =  4
控制信号：

AluOp =  5, MemToReg=0, MemWrite=0, Alu_Src=1, RegWrite=1, Syscall=0, SignedExt = 1

RegDst = 0, BEQ=0, BNE = 0, JR=0, JMP=0, JAL=0

rs = 18

rt = 18

rd =  0

rA = 18

rB = 18

rW = 18

imme16 =          4

imme26 = 4266786820

wData =         12

RegOutA =          8

RegOutB =          8

Alu_InB =          4

Alu_Out =         12

MemAddr =       3

Mem_Data_In =          8

Mem_Data_Out =          0

Result =         12

showLED = 0

pause_state = 0

Go = 0

LedData =          0

____REG____

addr =           0, Data=         0

addr =           1, Data=         0

addr =           2, Data=         0

addr =           3, Data=         0

addr =           4, Data=         0

addr =           5, Data=         0

addr =           6, Data=         0

addr =           7, Data=         0

addr =           8, Data=         0

addr =           9, Data=         0

addr =          10, Data=         0

addr =          11, Data=         0

addr =          12, Data=         0

addr =          13, Data=         0

addr =          14, Data=         0

addr =          15, Data=         0

addr =          16, Data=         6

addr =          17, Data=         3

addr =          18, Data=        12

addr =          19, Data=         0

addr =          31, Data=         0

____MEM____CHANGE____

Addr =       3, Data=         0

周期 =         16 ：

PC = 00000040：

IR = ae500000：

OP=43, Func =  0
控制信号：

AluOp =  5, MemToReg=0, MemWrite=1, Alu_Src=1, RegWrite=0, Syscall=0, SignedExt = 1

RegDst = 0, BEQ=0, BNE = 0, JR=0, JMP=0, JAL=0

rs = 18

rt = 16

rd =  0

rA = 18

rB = 16

rW = 16

imme16 =          0

imme26 = 4266655744

wData =         12

RegOutA =         12

RegOutB =          6

Alu_InB =          0

Alu_Out =         12

MemAddr =       3

Mem_Data_In =         12

Mem_Data_Out =          0

Result =         12

showLED = 0

pause_state = 0

Go = 0

LedData =          0

____REG____

addr =           0, Data=         0

addr =           1, Data=         0

addr =           2, Data=         0

addr =           3, Data=         0

addr =           4, Data=         0

addr =           5, Data=         0

addr =           6, Data=         0

addr =           7, Data=         0

addr =           8, Data=         0

addr =           9, Data=         0

addr =          10, Data=         0

addr =          11, Data=         0

addr =          12, Data=         0

addr =          13, Data=         0

addr =          14, Data=         0

addr =          15, Data=         0

addr =          16, Data=         6

addr =          17, Data=         3

addr =          18, Data=        12

addr =          19, Data=         0

addr =          31, Data=         0

周期 =         17 ：

PC = 00000044：

IR = 22310001：

OP= 8, Func =  1
控制信号：

AluOp =  5, MemToReg=0, MemWrite=0, Alu_Src=1, RegWrite=1, Syscall=0, SignedExt = 1

RegDst = 0, BEQ=0, BNE = 0, JR=0, JMP=0, JAL=0

rs = 17

rt = 17

rd =  0

rA = 17

rB = 17

rW = 17

imme16 =          1

imme26 = 4264624129

wData =          4

RegOutA =          3

RegOutB =          3

Alu_InB =          1

Alu_Out =          4

MemAddr =       1

Mem_Data_In =          3

Mem_Data_Out =          4

Result =          4

showLED = 0

pause_state = 0

Go = 0

LedData =          0

____REG____

addr =           0, Data=         0

addr =           1, Data=         0

addr =           2, Data=         0

addr =           3, Data=         0

addr =           4, Data=         0

addr =           5, Data=         0

addr =           6, Data=         0

addr =           7, Data=         0

addr =           8, Data=         0

addr =           9, Data=         0

addr =          10, Data=         0

addr =          11, Data=         0

addr =          12, Data=         0

addr =          13, Data=         0

addr =          14, Data=         0

addr =          15, Data=         0

addr =          16, Data=         6

addr =          17, Data=         4

addr =          18, Data=        12

addr =          19, Data=         0

addr =          31, Data=         0

周期 =         18 ：

PC = 00000048：

IR = 02118020：

OP= 0, Func = 32
控制信号：

AluOp =  5, MemToReg=0, MemWrite=0, Alu_Src=0, RegWrite=1, Syscall=0, SignedExt = 0

RegDst = 1, BEQ=0, BNE = 0, JR=0, JMP=0, JAL=0

rs = 16

rt = 17

rd = 16

rA = 16

rB = 17

rW = 16

imme16 =      32800

imme26 =   34701344

wData =         10

RegOutA =          6

RegOutB =          4

Alu_InB =          4

Alu_Out =         10

MemAddr =       2

Mem_Data_In =          6

Mem_Data_Out =          8

Result =         10

showLED = 0

pause_state = 0

Go = 0

LedData =          0

____REG____

addr =           0, Data=         0

addr =           1, Data=         0

addr =           2, Data=         0

addr =           3, Data=         0

addr =           4, Data=         0

addr =           5, Data=         0

addr =           6, Data=         0

addr =           7, Data=         0

addr =           8, Data=         0

addr =           9, Data=         0

addr =          10, Data=         0

addr =          11, Data=         0

addr =          12, Data=         0

addr =          13, Data=         0

addr =          14, Data=         0

addr =          15, Data=         0

addr =          16, Data=        10

addr =          17, Data=         4

addr =          18, Data=        12

addr =          19, Data=         0

addr =          31, Data=         0

周期 =         19 ：

PC = 0000004c：

IR = 22520004：

OP= 8, Func =  4
控制信号：

AluOp =  5, MemToReg=0, MemWrite=0, Alu_Src=1, RegWrite=1, Syscall=0, SignedExt = 1

RegDst = 0, BEQ=0, BNE = 0, JR=0, JMP=0, JAL=0

rs = 18

rt = 18

rd =  0

rA = 18

rB = 18

rW = 18

imme16 =          4

imme26 = 4266786820

wData =         16

RegOutA =         12

RegOutB =         12

Alu_InB =          4

Alu_Out =         16

MemAddr =       4

Mem_Data_In =         12

Mem_Data_Out =          0

Result =         16

showLED = 0

pause_state = 0

Go = 0

LedData =          0

____REG____

addr =           0, Data=         0

addr =           1, Data=         0

addr =           2, Data=         0

addr =           3, Data=         0

addr =           4, Data=         0

addr =           5, Data=         0

addr =           6, Data=         0

addr =           7, Data=         0

addr =           8, Data=         0

addr =           9, Data=         0

addr =          10, Data=         0

addr =          11, Data=         0

addr =          12, Data=         0

addr =          13, Data=         0

addr =          14, Data=         0

addr =          15, Data=         0

addr =          16, Data=        10

addr =          17, Data=         4

addr =          18, Data=        16

addr =          19, Data=         0

addr =          31, Data=         0

____MEM____CHANGE____

Addr =       4, Data=         0

周期 =         20 ：

PC = 00000050：

IR = ae500000：

OP=43, Func =  0
控制信号：

AluOp =  5, MemToReg=0, MemWrite=1, Alu_Src=1, RegWrite=0, Syscall=0, SignedExt = 1

RegDst = 0, BEQ=0, BNE = 0, JR=0, JMP=0, JAL=0

rs = 18

rt = 16

rd =  0

rA = 18

rB = 16

rW = 16

imme16 =          0

imme26 = 4266655744

wData =         16

RegOutA =         16

RegOutB =         10

Alu_InB =          0

Alu_Out =         16

MemAddr =       4

Mem_Data_In =         16

Mem_Data_Out =          0

Result =         16

showLED = 0

pause_state = 0

Go = 0

LedData =          0

____REG____

addr =           0, Data=         0

addr =           1, Data=         0

addr =           2, Data=         0

addr =           3, Data=         0

addr =           4, Data=         0

addr =           5, Data=         0

addr =           6, Data=         0

addr =           7, Data=         0

addr =           8, Data=         0

addr =           9, Data=         0

addr =          10, Data=         0

addr =          11, Data=         0

addr =          12, Data=         0

addr =          13, Data=         0

addr =          14, Data=         0

addr =          15, Data=         0

addr =          16, Data=        10

addr =          17, Data=         4

addr =          18, Data=        16

addr =          19, Data=         0

addr =          31, Data=         0

周期 =         21 ：

PC = 00000054：

IR = 22310001：

OP= 8, Func =  1
控制信号：

AluOp =  5, MemToReg=0, MemWrite=0, Alu_Src=1, RegWrite=1, Syscall=0, SignedExt = 1

RegDst = 0, BEQ=0, BNE = 0, JR=0, JMP=0, JAL=0

rs = 17

rt = 17

rd =  0

rA = 17

rB = 17

rW = 17

imme16 =          1

imme26 = 4264624129

wData =          5

RegOutA =          4

RegOutB =          4

Alu_InB =          1

Alu_Out =          5

MemAddr =       1

Mem_Data_In =          4

Mem_Data_Out =          4

Result =          5

showLED = 0

pause_state = 0

Go = 0

LedData =          0

____REG____

addr =           0, Data=         0

addr =           1, Data=         0

addr =           2, Data=         0

addr =           3, Data=         0

addr =           4, Data=         0

addr =           5, Data=         0

addr =           6, Data=         0

addr =           7, Data=         0

addr =           8, Data=         0

addr =           9, Data=         0

addr =          10, Data=         0

addr =          11, Data=         0

addr =          12, Data=         0

addr =          13, Data=         0

addr =          14, Data=         0

addr =          15, Data=         0

addr =          16, Data=        10

addr =          17, Data=         5

addr =          18, Data=        16

addr =          19, Data=         0

addr =          31, Data=         0

周期 =         22 ：

PC = 00000058：

IR = 02118020：

OP= 0, Func = 32
控制信号：

AluOp =  5, MemToReg=0, MemWrite=0, Alu_Src=0, RegWrite=1, Syscall=0, SignedExt = 0

RegDst = 1, BEQ=0, BNE = 0, JR=0, JMP=0, JAL=0

rs = 16

rt = 17

rd = 16

rA = 16

rB = 17

rW = 16

imme16 =      32800

imme26 =   34701344

wData =         15

RegOutA =         10

RegOutB =          5

Alu_InB =          5

Alu_Out =         15

MemAddr =       3

Mem_Data_In =         10

Mem_Data_Out =         12

Result =         15

showLED = 0

pause_state = 0

Go = 0

LedData =          0

____REG____

addr =           0, Data=         0

addr =           1, Data=         0

addr =           2, Data=         0

addr =           3, Data=         0

addr =           4, Data=         0

addr =           5, Data=         0

addr =           6, Data=         0

addr =           7, Data=         0

addr =           8, Data=         0

addr =           9, Data=         0

addr =          10, Data=         0

addr =          11, Data=         0

addr =          12, Data=         0

addr =          13, Data=         0

addr =          14, Data=         0

addr =          15, Data=         0

addr =          16, Data=        15

addr =          17, Data=         5

addr =          18, Data=        16

addr =          19, Data=         0

addr =          31, Data=         0

周期 =         23 ：

PC = 0000005c：

IR = 22520004：

OP= 8, Func =  4
控制信号：

AluOp =  5, MemToReg=0, MemWrite=0, Alu_Src=1, RegWrite=1, Syscall=0, SignedExt = 1

RegDst = 0, BEQ=0, BNE = 0, JR=0, JMP=0, JAL=0

rs = 18

rt = 18

rd =  0

rA = 18

rB = 18

rW = 18

imme16 =          4

imme26 = 4266786820

wData =         20

RegOutA =         16

RegOutB =         16

Alu_InB =          4

Alu_Out =         20

MemAddr =       5

Mem_Data_In =         16

Mem_Data_Out =          0

Result =         20

showLED = 0

pause_state = 0

Go = 0

LedData =          0

____REG____

addr =           0, Data=         0

addr =           1, Data=         0

addr =           2, Data=         0

addr =           3, Data=         0

addr =           4, Data=         0

addr =           5, Data=         0

addr =           6, Data=         0

addr =           7, Data=         0

addr =           8, Data=         0

addr =           9, Data=         0

addr =          10, Data=         0

addr =          11, Data=         0

addr =          12, Data=         0

addr =          13, Data=         0

addr =          14, Data=         0

addr =          15, Data=         0

addr =          16, Data=        15

addr =          17, Data=         5

addr =          18, Data=        20

addr =          19, Data=         0

addr =          31, Data=         0

____MEM____CHANGE____

Addr =       5, Data=         0

周期 =         24 ：

PC = 00000060：

IR = ae500000：

OP=43, Func =  0
控制信号：

AluOp =  5, MemToReg=0, MemWrite=1, Alu_Src=1, RegWrite=0, Syscall=0, SignedExt = 1

RegDst = 0, BEQ=0, BNE = 0, JR=0, JMP=0, JAL=0

rs = 18

rt = 16

rd =  0

rA = 18

rB = 16

rW = 16

imme16 =          0

imme26 = 4266655744

wData =         20

RegOutA =         20

RegOutB =         15

Alu_InB =          0

Alu_Out =         20

MemAddr =       5

Mem_Data_In =         20

Mem_Data_Out =          0

Result =         20

showLED = 0

pause_state = 0

Go = 0

LedData =          0

____REG____

addr =           0, Data=         0

addr =           1, Data=         0

addr =           2, Data=         0

addr =           3, Data=         0

addr =           4, Data=         0

addr =           5, Data=         0

addr =           6, Data=         0

addr =           7, Data=         0

addr =           8, Data=         0

addr =           9, Data=         0

addr =          10, Data=         0

addr =          11, Data=         0

addr =          12, Data=         0

addr =          13, Data=         0

addr =          14, Data=         0

addr =          15, Data=         0

addr =          16, Data=        15

addr =          17, Data=         5

addr =          18, Data=        20

addr =          19, Data=         0

addr =          31, Data=         0

周期 =         25 ：

PC = 00000064：

IR = 22310001：

OP= 8, Func =  1
控制信号：

AluOp =  5, MemToReg=0, MemWrite=0, Alu_Src=1, RegWrite=1, Syscall=0, SignedExt = 1

RegDst = 0, BEQ=0, BNE = 0, JR=0, JMP=0, JAL=0

rs = 17

rt = 17

rd =  0

rA = 17

rB = 17

rW = 17

imme16 =          1

imme26 = 4264624129

wData =          6

RegOutA =          5

RegOutB =          5

Alu_InB =          1

Alu_Out =          6

MemAddr =       1

Mem_Data_In =          5

Mem_Data_Out =          4

Result =          6

showLED = 0

pause_state = 0

Go = 0

LedData =          0

____REG____

addr =           0, Data=         0

addr =           1, Data=         0

addr =           2, Data=         0

addr =           3, Data=         0

addr =           4, Data=         0

addr =           5, Data=         0

addr =           6, Data=         0

addr =           7, Data=         0

addr =           8, Data=         0

addr =           9, Data=         0

addr =          10, Data=         0

addr =          11, Data=         0

addr =          12, Data=         0

addr =          13, Data=         0

addr =          14, Data=         0

addr =          15, Data=         0

addr =          16, Data=        15

addr =          17, Data=         6

addr =          18, Data=        20

addr =          19, Data=         0

addr =          31, Data=         0

周期 =         26 ：

PC = 00000068：

IR = 02118020：

OP= 0, Func = 32
控制信号：

AluOp =  5, MemToReg=0, MemWrite=0, Alu_Src=0, RegWrite=1, Syscall=0, SignedExt = 0

RegDst = 1, BEQ=0, BNE = 0, JR=0, JMP=0, JAL=0

rs = 16

rt = 17

rd = 16

rA = 16

rB = 17

rW = 16

imme16 =      32800

imme26 =   34701344

wData =         21

RegOutA =         15

RegOutB =          6

Alu_InB =          6

Alu_Out =         21

MemAddr =       5

Mem_Data_In =         15

Mem_Data_Out =         20

Result =         21

showLED = 0

pause_state = 0

Go = 0

LedData =          0

____REG____

addr =           0, Data=         0

addr =           1, Data=         0

addr =           2, Data=         0

addr =           3, Data=         0

addr =           4, Data=         0

addr =           5, Data=         0

addr =           6, Data=         0

addr =           7, Data=         0

addr =           8, Data=         0

addr =           9, Data=         0

addr =          10, Data=         0

addr =          11, Data=         0

addr =          12, Data=         0

addr =          13, Data=         0

addr =          14, Data=         0

addr =          15, Data=         0

addr =          16, Data=        21

addr =          17, Data=         6

addr =          18, Data=        20

addr =          19, Data=         0

addr =          31, Data=         0

周期 =         27 ：

PC = 0000006c：

IR = 22520004：

OP= 8, Func =  4
控制信号：

AluOp =  5, MemToReg=0, MemWrite=0, Alu_Src=1, RegWrite=1, Syscall=0, SignedExt = 1

RegDst = 0, BEQ=0, BNE = 0, JR=0, JMP=0, JAL=0

rs = 18

rt = 18

rd =  0

rA = 18

rB = 18

rW = 18

imme16 =          4

imme26 = 4266786820

wData =         24

RegOutA =         20

RegOutB =         20

Alu_InB =          4

Alu_Out =         24

MemAddr =       6

Mem_Data_In =         20

Mem_Data_Out =          0

Result =         24

showLED = 0

pause_state = 0

Go = 0

LedData =          0

____REG____

addr =           0, Data=         0

addr =           1, Data=         0

addr =           2, Data=         0

addr =           3, Data=         0

addr =           4, Data=         0

addr =           5, Data=         0

addr =           6, Data=         0

addr =           7, Data=         0

addr =           8, Data=         0

addr =           9, Data=         0

addr =          10, Data=         0

addr =          11, Data=         0

addr =          12, Data=         0

addr =          13, Data=         0

addr =          14, Data=         0

addr =          15, Data=         0

addr =          16, Data=        21

addr =          17, Data=         6

addr =          18, Data=        24

addr =          19, Data=         0

addr =          31, Data=         0

____MEM____CHANGE____

Addr =       6, Data=         0

周期 =         28 ：

PC = 00000070：

IR = ae500000：

OP=43, Func =  0
控制信号：

AluOp =  5, MemToReg=0, MemWrite=1, Alu_Src=1, RegWrite=0, Syscall=0, SignedExt = 1

RegDst = 0, BEQ=0, BNE = 0, JR=0, JMP=0, JAL=0

rs = 18

rt = 16

rd =  0

rA = 18

rB = 16

rW = 16

imme16 =          0

imme26 = 4266655744

wData =         24

RegOutA =         24

RegOutB =         21

Alu_InB =          0

Alu_Out =         24

MemAddr =       6

Mem_Data_In =         24

Mem_Data_Out =          0

Result =         24

showLED = 0

pause_state = 0

Go = 0

LedData =          0

____REG____

addr =           0, Data=         0

addr =           1, Data=         0

addr =           2, Data=         0

addr =           3, Data=         0

addr =           4, Data=         0

addr =           5, Data=         0

addr =           6, Data=         0

addr =           7, Data=         0

addr =           8, Data=         0

addr =           9, Data=         0

addr =          10, Data=         0

addr =          11, Data=         0

addr =          12, Data=         0

addr =          13, Data=         0

addr =          14, Data=         0

addr =          15, Data=         0

addr =          16, Data=        21

addr =          17, Data=         6

addr =          18, Data=        24

addr =          19, Data=         0

addr =          31, Data=         0

周期 =         29 ：

PC = 00000074：

IR = 22310001：

OP= 8, Func =  1
控制信号：

AluOp =  5, MemToReg=0, MemWrite=0, Alu_Src=1, RegWrite=1, Syscall=0, SignedExt = 1

RegDst = 0, BEQ=0, BNE = 0, JR=0, JMP=0, JAL=0

rs = 17

rt = 17

rd =  0

rA = 17

rB = 17

rW = 17

imme16 =          1

imme26 = 4264624129

wData =          7

RegOutA =          6

RegOutB =          6

Alu_InB =          1

Alu_Out =          7

MemAddr =       1

Mem_Data_In =          6

Mem_Data_Out =          4

Result =          7

showLED = 0

pause_state = 0

Go = 0

LedData =          0

____REG____

addr =           0, Data=         0

addr =           1, Data=         0

addr =           2, Data=         0

addr =           3, Data=         0

addr =           4, Data=         0

addr =           5, Data=         0

addr =           6, Data=         0

addr =           7, Data=         0

addr =           8, Data=         0

addr =           9, Data=         0

addr =          10, Data=         0

addr =          11, Data=         0

addr =          12, Data=         0

addr =          13, Data=         0

addr =          14, Data=         0

addr =          15, Data=         0

addr =          16, Data=        21

addr =          17, Data=         7

addr =          18, Data=        24

addr =          19, Data=         0

addr =          31, Data=         0

周期 =         30 ：

PC = 00000078：

IR = 02118020：

OP= 0, Func = 32
控制信号：

AluOp =  5, MemToReg=0, MemWrite=0, Alu_Src=0, RegWrite=1, Syscall=0, SignedExt = 0

RegDst = 1, BEQ=0, BNE = 0, JR=0, JMP=0, JAL=0

rs = 16

rt = 17

rd = 16

rA = 16

rB = 17

rW = 16

imme16 =      32800

imme26 =   34701344

wData =         28

RegOutA =         21

RegOutB =          7

Alu_InB =          7

Alu_Out =         28

MemAddr =       7

Mem_Data_In =         21

Mem_Data_Out =          0

Result =         28

showLED = 0

pause_state = 0

Go = 0

LedData =          0

____REG____

addr =           0, Data=         0

addr =           1, Data=         0

addr =           2, Data=         0

addr =           3, Data=         0

addr =           4, Data=         0

addr =           5, Data=         0

addr =           6, Data=         0

addr =           7, Data=         0

addr =           8, Data=         0

addr =           9, Data=         0

addr =          10, Data=         0

addr =          11, Data=         0

addr =          12, Data=         0

addr =          13, Data=         0

addr =          14, Data=         0

addr =          15, Data=         0

addr =          16, Data=        28

addr =          17, Data=         7

addr =          18, Data=        24

addr =          19, Data=         0

addr =          31, Data=         0

周期 =         31 ：

PC = 0000007c：

IR = 22520004：

OP= 8, Func =  4
控制信号：

AluOp =  5, MemToReg=0, MemWrite=0, Alu_Src=1, RegWrite=1, Syscall=0, SignedExt = 1

RegDst = 0, BEQ=0, BNE = 0, JR=0, JMP=0, JAL=0

rs = 18

rt = 18

rd =  0

rA = 18

rB = 18

rW = 18

imme16 =          4

imme26 = 4266786820

wData =         28

RegOutA =         24

RegOutB =         24

Alu_InB =          4

Alu_Out =         28

MemAddr =       7

Mem_Data_In =         24

Mem_Data_Out =          0

Result =         28

showLED = 0

pause_state = 0

Go = 0

LedData =          0

____REG____

addr =           0, Data=         0

addr =           1, Data=         0

addr =           2, Data=         0

addr =           3, Data=         0

addr =           4, Data=         0

addr =           5, Data=         0

addr =           6, Data=         0

addr =           7, Data=         0

addr =           8, Data=         0

addr =           9, Data=         0

addr =          10, Data=         0

addr =          11, Data=         0

addr =          12, Data=         0

addr =          13, Data=         0

addr =          14, Data=         0

addr =          15, Data=         0

addr =          16, Data=        28

addr =          17, Data=         7

addr =          18, Data=        28

addr =          19, Data=         0

addr =          31, Data=         0

____MEM____CHANGE____

Addr =       7, Data=         0

周期 =         32 ：

PC = 00000080：

IR = ae500000：

OP=43, Func =  0
控制信号：

AluOp =  5, MemToReg=0, MemWrite=1, Alu_Src=1, RegWrite=0, Syscall=0, SignedExt = 1

RegDst = 0, BEQ=0, BNE = 0, JR=0, JMP=0, JAL=0

rs = 18

rt = 16

rd =  0

rA = 18

rB = 16

rW = 16

imme16 =          0

imme26 = 4266655744

wData =         28

RegOutA =         28

RegOutB =         28

Alu_InB =          0

Alu_Out =         28

MemAddr =       7

Mem_Data_In =         28

Mem_Data_Out =          0

Result =         28

showLED = 0

pause_state = 0

Go = 0

LedData =          0

____REG____

addr =           0, Data=         0

addr =           1, Data=         0

addr =           2, Data=         0

addr =           3, Data=         0

addr =           4, Data=         0

addr =           5, Data=         0

addr =           6, Data=         0

addr =           7, Data=         0

addr =           8, Data=         0

addr =           9, Data=         0

addr =          10, Data=         0

addr =          11, Data=         0

addr =          12, Data=         0

addr =          13, Data=         0

addr =          14, Data=         0

addr =          15, Data=         0

addr =          16, Data=        28

addr =          17, Data=         7

addr =          18, Data=        28

addr =          19, Data=         0

addr =          31, Data=         0

周期 =         33 ：

PC = 00000084：

IR = 2002000a：

OP= 8, Func = 10
控制信号：

AluOp =  5, MemToReg=0, MemWrite=0, Alu_Src=1, RegWrite=1, Syscall=0, SignedExt = 1

RegDst = 0, BEQ=0, BNE = 0, JR=0, JMP=0, JAL=0

rs =  0

rt =  2

rd =  0

rA =  0

rB =  2

rW =  2

imme16 =         10

imme26 =     131082

wData =         10

RegOutA =          0

RegOutB =          0

Alu_InB =         10

Alu_Out =         10

MemAddr =       2

Mem_Data_In =          0

Mem_Data_Out =          8

Result =         10

showLED = 0

pause_state = 0

Go = 0

LedData =          0

____REG____

addr =           0, Data=         0

addr =           1, Data=         0

addr =           2, Data=        10

addr =           3, Data=         0

addr =           4, Data=         0

addr =           5, Data=         0

addr =           6, Data=         0

addr =           7, Data=         0

addr =           8, Data=         0

addr =           9, Data=         0

addr =          10, Data=         0

addr =          11, Data=         0

addr =          12, Data=         0

addr =          13, Data=         0

addr =          14, Data=         0

addr =          15, Data=         0

addr =          16, Data=        28

addr =          17, Data=         7

addr =          18, Data=        28

addr =          19, Data=         0

addr =          31, Data=         0

周期 =         34 ：

PC = 00000088：

IR = 20100000：

OP= 8, Func =  0
控制信号：

AluOp =  5, MemToReg=0, MemWrite=0, Alu_Src=1, RegWrite=1, Syscall=0, SignedExt = 1

RegDst = 0, BEQ=0, BNE = 0, JR=0, JMP=0, JAL=0

rs =  0

rt = 16

rd =  0

rA =  0

rB = 16

rW = 16

imme16 =          0

imme26 =    1048576

wData =          0

RegOutA =          0

RegOutB =         28

Alu_InB =          0

Alu_Out =          0

MemAddr =       0

Mem_Data_In =          0

Mem_Data_Out =          0

Result =          0

showLED = 0

pause_state = 0

Go = 0

LedData =          0

____REG____

addr =           0, Data=         0

addr =           1, Data=         0

addr =           2, Data=        10

addr =           3, Data=         0

addr =           4, Data=         0

addr =           5, Data=         0

addr =           6, Data=         0

addr =           7, Data=         0

addr =           8, Data=         0

addr =           9, Data=         0

addr =          10, Data=         0

addr =          11, Data=         0

addr =          12, Data=         0

addr =          13, Data=         0

addr =          14, Data=         0

addr =          15, Data=         0

addr =          16, Data=         0

addr =          17, Data=         7

addr =          18, Data=        28

addr =          19, Data=         0

addr =          31, Data=         0

周期 =         35 ：

PC = 0000008c：

IR = 20100000：

OP= 8, Func =  0
控制信号：

AluOp =  5, MemToReg=0, MemWrite=0, Alu_Src=1, RegWrite=1, Syscall=0, SignedExt = 1

RegDst = 0, BEQ=0, BNE = 0, JR=0, JMP=0, JAL=0

rs =  0

rt = 16

rd =  0

rA =  0

rB = 16

rW = 16

imme16 =          0

imme26 =    1048576

wData =          0

RegOutA =          0

RegOutB =          0

Alu_InB =          0

Alu_Out =          0

MemAddr =       0

Mem_Data_In =          0

Mem_Data_Out =          0

Result =          0

showLED = 0

pause_state = 0

Go = 0

LedData =          0

____REG____

addr =           0, Data=         0

addr =           1, Data=         0

addr =           2, Data=        10

addr =           3, Data=         0

addr =           4, Data=         0

addr =           5, Data=         0

addr =           6, Data=         0

addr =           7, Data=         0

addr =           8, Data=         0

addr =           9, Data=         0

addr =          10, Data=         0

addr =          11, Data=         0

addr =          12, Data=         0

addr =          13, Data=         0

addr =          14, Data=         0

addr =          15, Data=         0

addr =          16, Data=         0

addr =          17, Data=         7

addr =          18, Data=        28

addr =          19, Data=         0

addr =          31, Data=         0

周期 =         36 ：

PC = 00000090：

IR = 20100000：

OP= 8, Func =  0
控制信号：

AluOp =  5, MemToReg=0, MemWrite=0, Alu_Src=1, RegWrite=1, Syscall=0, SignedExt = 1

RegDst = 0, BEQ=0, BNE = 0, JR=0, JMP=0, JAL=0

rs =  0

rt = 16

rd =  0

rA =  0

rB = 16

rW = 16

imme16 =          0

imme26 =    1048576

wData =          0

RegOutA =          0

RegOutB =          0

Alu_InB =          0

Alu_Out =          0

MemAddr =       0

Mem_Data_In =          0

Mem_Data_Out =          0

Result =          0

showLED = 0

pause_state = 0

Go = 0

LedData =          0

____REG____

addr =           0, Data=         0

addr =           1, Data=         0

addr =           2, Data=        10

addr =           3, Data=         0

addr =           4, Data=         0

addr =           5, Data=         0

addr =           6, Data=         0

addr =           7, Data=         0

addr =           8, Data=         0

addr =           9, Data=         0

addr =          10, Data=         0

addr =          11, Data=         0

addr =          12, Data=         0

addr =          13, Data=         0

addr =          14, Data=         0

addr =          15, Data=         0

addr =          16, Data=         0

addr =          17, Data=         7

addr =          18, Data=        28

addr =          19, Data=         0

addr =          31, Data=         0

周期 =         37 ：

PC = 00000094：

IR = 0000000c：

OP= 0, Func = 12
控制信号：

AluOp =  0, MemToReg=0, MemWrite=0, Alu_Src=0, RegWrite=0, Syscall=1, SignedExt = 0

RegDst = 0, BEQ=0, BNE = 0, JR=0, JMP=0, JAL=0

rs =  0

rt =  0

rd =  0

rA =  2

rB =  4

rW =  0

imme16 =         12

imme26 =         12

wData =          0

RegOutA =         10

RegOutB =          0

Alu_InB =          0

Alu_Out =          0

MemAddr =       0

Mem_Data_In =         10

Mem_Data_Out =          0

Result =          0

showLED = 0

pause_state = 0

Go = 0

LedData =          0

