#-----------------------------------------------------------
# Vivado v2015.2 (64-bit)
# SW Build 1266856 on Fri Jun 26 16:35:25 MDT 2015
# IP Build 1264090 on Wed Jun 24 14:22:01 MDT 2015
# Start of session at: Thu Feb 21 09:26:16 2019
# Process ID: 9780
# Log file: D:/ARCHIVE/VIVADO_WORKPLACE/CPU/vivado.log
# Journal file: D:/ARCHIVE/VIVADO_WORKPLACE/CPU\vivado.jou
#-----------------------------------------------------------
start_gui
open_project D:/ARCHIVE/VIVADO_WORKPLACE/CPU/CPU.xpr
Scanning sources...
Finished scanning sources
INFO: [IP_Flow 19-234] Refreshing IP repositories
INFO: [IP_Flow 19-1704] No user IP repositories specified
INFO: [IP_Flow 19-2313] Loaded Vivado IP repository 'D:/software/VIVADO/Vivado/2015.2/data/ip'.
open_project: Time (s): cpu = 00:00:18 ; elapsed = 00:00:09 . Memory (MB): peak = 759.242 ; gain = 195.402
set_property -name {xsim.simulate.runtime} -value {5000ns} -objects [current_fileset -simset]
launch_simulation
INFO: [USF-XSim-27] Simulation object is 'sim_1'
INFO: [USF-XSim-37] Inspecting design source files for 'tb_datapath' in fileset 'sim_1'...
INFO: [USF-XSim-97] Finding global include files...
INFO: [USF-XSim-98] Fetching design files from 'sim_1'...
INFO: [USF-XSim-2] XSim::Compile design
INFO: [USF-XSim-61] Executing 'COMPILE' step in 'D:/ARCHIVE/VIVADO_WORKPLACE/CPU/CPU.sim/sim_1/behav'
"xvlog -m64 --relax -prj tb_datapath_vlog.prj"
INFO: [VRFC 10-2263] Analyzing Verilog file "D:/ARCHIVE/VIVADO_WORKPLACE/CPU/CPU.srcs/sources_1/new/Reg_File.v" into library xil_defaultlib
INFO: [VRFC 10-311] analyzing module Reg_File
INFO: [VRFC 10-2263] Analyzing Verilog file "D:/ARCHIVE/VIVADO_WORKPLACE/CPU/CPU.srcs/sources_1/new/Mem_Ins.v" into library xil_defaultlib
INFO: [VRFC 10-311] analyzing module Mem_Ins
WARNING: [VRFC 10-756] identifier MEMLEN is used before its declaration [D:/ARCHIVE/VIVADO_WORKPLACE/CPU/CPU.srcs/sources_1/new/Mem_Ins.v:4]
INFO: [VRFC 10-2263] Analyzing Verilog file "D:/ARCHIVE/VIVADO_WORKPLACE/CPU/CPU.srcs/sources_1/new/Mem_Data.v" into library xil_defaultlib
INFO: [VRFC 10-311] analyzing module Mem_Data
INFO: [VRFC 10-2263] Analyzing Verilog file "D:/ARCHIVE/VIVADO_WORKPLACE/CPU/CPU.srcs/sources_1/new/Controller.v" into library xil_defaultlib
INFO: [VRFC 10-311] analyzing module Controller
INFO: [VRFC 10-2263] Analyzing Verilog file "D:/ARCHIVE/VIVADO_WORKPLACE/CPU/CPU.srcs/sources_1/new/Alu.v" into library xil_defaultlib
INFO: [VRFC 10-311] analyzing module Alu
INFO: [VRFC 10-2263] Analyzing Verilog file "D:/ARCHIVE/VIVADO_WORKPLACE/CPU/CPU.srcs/sources_1/new/Datapath.v" into library xil_defaultlib
INFO: [VRFC 10-311] analyzing module Datapath
WARNING: [VRFC 10-756] identifier pause_state is used before its declaration [D:/ARCHIVE/VIVADO_WORKPLACE/CPU/CPU.srcs/sources_1/new/Datapath.v:42]
WARNING: [VRFC 10-756] identifier iii is used before its declaration [D:/ARCHIVE/VIVADO_WORKPLACE/CPU/CPU.srcs/sources_1/new/Datapath.v:43]
WARNING: [VRFC 10-756] identifier Result is used before its declaration [D:/ARCHIVE/VIVADO_WORKPLACE/CPU/CPU.srcs/sources_1/new/Datapath.v:85]
WARNING: [VRFC 10-756] identifier Result is used before its declaration [D:/ARCHIVE/VIVADO_WORKPLACE/CPU/CPU.srcs/sources_1/new/Datapath.v:89]
INFO: [VRFC 10-2263] Analyzing Verilog file "D:/ARCHIVE/VIVADO_WORKPLACE/CPU/CPU.srcs/sim_1/new/tb_datapath.v" into library xil_defaultlib
INFO: [VRFC 10-311] analyzing module tb_datapath
INFO: [VRFC 10-2263] Analyzing Verilog file "D:/ARCHIVE/VIVADO_WORKPLACE/CPU/CPU.sim/sim_1/behav/glbl.v" into library xil_defaultlib
INFO: [VRFC 10-311] analyzing module glbl
INFO: [USF-XSim-3] XSim::Elaborate design
INFO: [USF-XSim-61] Executing 'ELABORATE' step in 'D:/ARCHIVE/VIVADO_WORKPLACE/CPU/CPU.sim/sim_1/behav'
Vivado Simulator 2015.2
Copyright 1986-1999, 2001-2015 Xilinx, Inc. All Rights Reserved.
Running: D:/software/VIVADO/Vivado/2015.2/bin/unwrapped/win64.o/xelab.exe -wto 84249d45525347558246e7d4134ff288 --debug typical --relax --mt 2 -L xil_defaultlib -L unisims_ver -L unimacro_ver -L secureip --snapshot tb_datapath_behav xil_defaultlib.tb_datapath xil_defaultlib.glbl -log elaborate.log 
Using 2 slave threads.
Starting static elaboration
WARNING: [VRFC 10-278] actual bit length 4 differs from formal bit length 1 for port Sel [D:/ARCHIVE/VIVADO_WORKPLACE/CPU/CPU.srcs/sources_1/new/Datapath.v:115]
Completed static elaboration
Starting simulation data flow analysis
Completed simulation data flow analysis
Time Resolution for simulation is 1ps
Compiling module xil_defaultlib.Mem_Ins
Compiling module xil_defaultlib.Controller
Compiling module xil_defaultlib.Reg_File
Compiling module xil_defaultlib.Alu
Compiling module xil_defaultlib.Mem_Data
Compiling module xil_defaultlib.Datapath
Compiling module xil_defaultlib.tb_datapath
Compiling module xil_defaultlib.glbl
Waiting for 2 sub-compilation(s) to finish...
Built simulation snapshot tb_datapath_behav

****** Webtalk v2015.2 (64-bit)
  **** SW Build 1266856 on Fri Jun 26 16:35:25 MDT 2015
  **** IP Build 1264090 on Wed Jun 24 14:22:01 MDT 2015
    ** Copyright 1986-2015 Xilinx, Inc. All Rights Reserved.

source D:/ARCHIVE/VIVADO_WORKPLACE/CPU/CPU.sim/sim_1/behav/xsim.dir/tb_datapath_behav/webtalk/xsim_webtalk.tcl -notrace
INFO: [Common 17-186] 'D:/ARCHIVE/VIVADO_WORKPLACE/CPU/CPU.sim/sim_1/behav/xsim.dir/tb_datapath_behav/webtalk/usage_statistics_ext_xsim.xml' has been successfully sent to Xilinx on Thu Feb 21 09:27:15 2019. For additional details about this file, please refer to the WebTalk help file at D:/software/VIVADO/Vivado/2015.2/doc/webtalk_introduction.html.
webtalk_transmit: Time (s): cpu = 00:00:00 ; elapsed = 00:00:05 . Memory (MB): peak = 53.598 ; gain = 0.086
INFO: [Common 17-206] Exiting Webtalk at Thu Feb 21 09:27:15 2019...
run_program: Time (s): cpu = 00:00:02 ; elapsed = 00:00:08 . Memory (MB): peak = 783.352 ; gain = 0.000
INFO: [USF-XSim-4] XSim::Simulate design
INFO: [USF-XSim-61] Executing 'SIMULATE' step in 'D:/ARCHIVE/VIVADO_WORKPLACE/CPU/CPU.sim/sim_1/behav'
INFO: [USF-XSim-98] *** Running xsim
   with args "tb_datapath_behav -key {Behavioral:sim_1:Functional:tb_datapath} -tclbatch {tb_datapath.tcl} -log {simulate.log}"
INFO: [USF-XSim-8] Loading simulator feature
Vivado Simulator 2015.2
Time resolution is 1 ps
source tb_datapath.tcl
# set curr_wave [current_wave_config]
# if { [string length $curr_wave] == 0 } {
#   if { [llength [get_objects]] > 0} {
#     add_wave /
#     set_property needs_save false [current_wave_config]
#   } else {
#      send_msg_id Add_Wave-1 WARNING "No top level signals found. Simulator will start without a wave window. If you want to open a wave window go to 'File->New Waveform Configuration' or type 'create_wave_config' in the TCL console."
#   }
# }
# run 5000ns
____REG____

addr =           0, Data=         0

addr =           1, Data=         0

addr =           2, Data=         0

addr =           3, Data=         0

addr =           4, Data=         0

addr =           5, Data=         0

addr =           6, Data=         0

addr =           7, Data=         0

addr =           8, Data=         0

addr =           9, Data=         0

addr =          10, Data=         0

addr =          11, Data=         0

addr =          12, Data=         0

addr =          13, Data=         0

addr =          14, Data=         0

addr =          15, Data=         0

addr =          16, Data=         0

addr =          17, Data=         0

addr =          18, Data=         0

addr =          19, Data=         0

addr =          31, Data=         0

PC + 4
PC next is          4
周期 =          0 ：

PC = 00000000：

IR = 20110020：

OP= 8, Func = 32
控制信号：

AluOp =  5, MemToReg=0, MemWrite=0, Alu_Src=1, RegWrite=1, Syscall=0, SignedExt = 1

RegDst = 0, BEQ=0, BNE = 0, JR=0, JMP=0, JAL=0

Equal = 0

rs =  0

rt = 17

rd =  0

rA =  0

rB = 17

rW = 17

imme16 =         32

imme26 =    1114144

wData =         32

RegOutA =          0

RegOutB =          0

Alu_InB =         32

Alu_Out =         32

MemAddr =       8

Mem_Data_In =          0

Mem_Data_Out =          0

Result =         32

showLED = 0

pause_state = 0

Go = 0

LedData =          0

TotalCirc =     0

NoBranchCirc =     0

BranchCirc =     0

____REG____

addr =           0, Data=         0

addr =           1, Data=         0

addr =           2, Data=         0

addr =           3, Data=         0

addr =           4, Data=         0

addr =           5, Data=         0

addr =           6, Data=         0

addr =           7, Data=         0

addr =           8, Data=         0

addr =           9, Data=         0

addr =          10, Data=         0

addr =          11, Data=         0

addr =          12, Data=         0

addr =          13, Data=         0

addr =          14, Data=         0

addr =          15, Data=         0

addr =          16, Data=         0

addr =          17, Data=        32

addr =          18, Data=         0

addr =          19, Data=         0

addr =          31, Data=         0

PC + 4
PC next is          8
周期 =          1 ：

PC = 00000004：

IR = 20020022：

OP= 8, Func = 34
控制信号：

AluOp =  5, MemToReg=0, MemWrite=0, Alu_Src=1, RegWrite=1, Syscall=0, SignedExt = 1

RegDst = 0, BEQ=0, BNE = 0, JR=0, JMP=0, JAL=0

Equal = 0

rs =  0

rt =  2

rd =  0

rA =  0

rB =  2

rW =  2

imme16 =         34

imme26 =     131106

wData =         34

RegOutA =          0

RegOutB =          0

Alu_InB =         34

Alu_Out =         34

MemAddr =       8

Mem_Data_In =          0

Mem_Data_Out =          0

Result =         34

showLED = 0

pause_state = 0

Go = 0

LedData =          0

TotalCirc =     1

NoBranchCirc =     0

BranchCirc =     0

____REG____

addr =           0, Data=         0

addr =           1, Data=         0

addr =           2, Data=        34

addr =           3, Data=         0

addr =           4, Data=         0

addr =           5, Data=         0

addr =           6, Data=         0

addr =           7, Data=         0

addr =           8, Data=         0

addr =           9, Data=         0

addr =          10, Data=         0

addr =          11, Data=         0

addr =          12, Data=         0

addr =          13, Data=         0

addr =          14, Data=         0

addr =          15, Data=         0

addr =          16, Data=         0

addr =          17, Data=        32

addr =          18, Data=         0

addr =          19, Data=         0

addr =          31, Data=         0

JAL || JMP
PC next is      12312
周期 =          2 ：

PC = 00000008：

IR = 08000c06：

OP= 2, Func =  6
控制信号：

AluOp =  0, MemToReg=0, MemWrite=0, Alu_Src=0, RegWrite=0, Syscall=0, SignedExt = 0

RegDst = 0, BEQ=0, BNE = 0, JR=0, JMP=1, JAL=0

Equal = 1

rs =  0

rt =  0

rd =  1

rA =  0

rB =  0

rW =  0

imme16 =       3078

imme26 =       3078

wData =          0

RegOutA =          0

RegOutB =          0

Alu_InB =          0

Alu_Out =          0

MemAddr =       0

Mem_Data_In =          0

Mem_Data_Out =          0

Result =          0

showLED = 0

pause_state = 0

Go = 0

LedData =          0

TotalCirc =     2

NoBranchCirc =     0

BranchCirc =     0

____REG____

addr =           0, Data=         0

addr =           1, Data=         0

addr =           2, Data=        34

addr =           3, Data=         0

addr =           4, Data=         0

addr =           5, Data=         0

addr =           6, Data=         0

addr =           7, Data=         0

addr =           8, Data=         0

addr =           9, Data=         0

addr =          10, Data=         0

addr =          11, Data=         0

addr =          12, Data=         0

addr =          13, Data=         0

addr =          14, Data=         0

addr =          15, Data=         0

addr =          16, Data=         0

addr =          17, Data=        32

addr =          18, Data=         0

addr =          19, Data=         0

addr =          31, Data=         0

BEQ || BNE
PC next is      12328
周期 =          3 ：

PC = 00003018：

IR = 10000003：

OP= 4, Func =  3
控制信号：

AluOp =  0, MemToReg=0, MemWrite=0, Alu_Src=0, RegWrite=0, Syscall=0, SignedExt = 1

RegDst = 0, BEQ=1, BNE = 0, JR=0, JMP=0, JAL=0

Equal = 1

rs =  0

rt =  0

rd =  0

rA =  0

rB =  0

rW =  0

imme16 =          3

imme26 =          3

wData =          0

RegOutA =          0

RegOutB =          0

Alu_InB =          0

Alu_Out =          0

MemAddr =       0

Mem_Data_In =          0

Mem_Data_Out =          0

Result =          0

showLED = 0

pause_state = 0

Go = 0

LedData =          0

TotalCirc =     3

NoBranchCirc =     1

BranchCirc =     0

____REG____

addr =           0, Data=         0

addr =           1, Data=         0

addr =           2, Data=        34

addr =           3, Data=         0

addr =           4, Data=         0

addr =           5, Data=         0

addr =           6, Data=         0

addr =           7, Data=         0

addr =           8, Data=         0

addr =           9, Data=         0

addr =          10, Data=         0

addr =          11, Data=         0

addr =          12, Data=         0

addr =          13, Data=         0

addr =          14, Data=         0

addr =          15, Data=         0

addr =          16, Data=         0

addr =          17, Data=        32

addr =          18, Data=         0

addr =          19, Data=         0

addr =          31, Data=         0

BEQ || BNE
PC next is      12344
周期 =          4 ：

PC = 00003028：

IR = 14110003：

OP= 5, Func =  3
控制信号：

AluOp =  0, MemToReg=0, MemWrite=0, Alu_Src=0, RegWrite=0, Syscall=0, SignedExt = 1

RegDst = 0, BEQ=0, BNE = 1, JR=0, JMP=0, JAL=0

Equal = 0

rs =  0

rt = 17

rd =  0

rA =  0

rB = 17

rW = 17

imme16 =          3

imme26 =    1114115

wData =         32

RegOutA =          0

RegOutB =         32

Alu_InB =         32

Alu_Out =         32

MemAddr =       8

Mem_Data_In =         32

Mem_Data_Out =          0

Result =         32

showLED = 0

pause_state = 0

Go = 0

LedData =          0

TotalCirc =     4

NoBranchCirc =     1

BranchCirc =     1

____REG____

addr =           0, Data=         0

addr =           1, Data=         0

addr =           2, Data=        34

addr =           3, Data=         0

addr =           4, Data=         0

addr =           5, Data=         0

addr =           6, Data=         0

addr =           7, Data=         0

addr =           8, Data=         0

addr =           9, Data=         0

addr =          10, Data=         0

addr =          11, Data=         0

addr =          12, Data=         0

addr =          13, Data=         0

addr =          14, Data=         0

addr =          15, Data=         0

addr =          16, Data=         0

addr =          17, Data=        32

addr =          18, Data=         0

addr =          19, Data=         0

addr =          31, Data=         0

JAL || JMP
PC next is      12368
周期 =          5 ：

PC = 00003038：

IR = 0c000c14：

OP= 3, Func = 20
控制信号：

AluOp =  0, MemToReg=0, MemWrite=0, Alu_Src=0, RegWrite=1, Syscall=0, SignedExt = 0

RegDst = 0, BEQ=0, BNE = 0, JR=0, JMP=0, JAL=1

Equal = 1

rs =  0

rt =  0

rd =  1

rA =  0

rB =  0

rW = 31

imme16 =       3092

imme26 =       3092

wData =      12348

RegOutA =          0

RegOutB =          0

Alu_InB =          0

Alu_Out =          0

MemAddr =       0

Mem_Data_In =          0

Mem_Data_Out =          0

Result =          0

showLED = 0

pause_state = 0

Go = 0

LedData =          0

TotalCirc =     5

NoBranchCirc =     1

BranchCirc =     2

____REG____

addr =           0, Data=         0

addr =           1, Data=         0

addr =           2, Data=        34

addr =           3, Data=         0

addr =           4, Data=         0

addr =           5, Data=         0

addr =           6, Data=         0

addr =           7, Data=         0

addr =           8, Data=         0

addr =           9, Data=         0

addr =          10, Data=         0

addr =          11, Data=         0

addr =          12, Data=         0

addr =          13, Data=         0

addr =          14, Data=         0

addr =          15, Data=         0

addr =          16, Data=         0

addr =          17, Data=        32

addr =          18, Data=         0

addr =          19, Data=         0

addr =          31, Data=     12348

PC + 4
PC next is      12372
周期 =          6 ：

PC = 00003050：

IR = 2231ffff：

OP= 8, Func = 63
控制信号：

AluOp =  5, MemToReg=0, MemWrite=0, Alu_Src=1, RegWrite=1, Syscall=0, SignedExt = 1

RegDst = 0, BEQ=0, BNE = 0, JR=0, JMP=0, JAL=0

Equal = 0

rs = 17

rt = 17

rd = 31

rA = 17

rB = 17

rW = 17

imme16 = 4294967295

imme26 = 4264689663

wData =         31

RegOutA =         32

RegOutB =         32

Alu_InB = 4294967295

Alu_Out =         31

MemAddr =       7

Mem_Data_In =         32

Mem_Data_Out =          0

Result =         31

showLED = 0

pause_state = 0

Go = 0

LedData =          0

TotalCirc =     6

NoBranchCirc =     2

BranchCirc =     2

____REG____

addr =           0, Data=         0

addr =           1, Data=         0

addr =           2, Data=        34

addr =           3, Data=         0

addr =           4, Data=         0

addr =           5, Data=         0

addr =           6, Data=         0

addr =           7, Data=         0

addr =           8, Data=         0

addr =           9, Data=         0

addr =          10, Data=         0

addr =          11, Data=         0

addr =          12, Data=         0

addr =          13, Data=         0

addr =          14, Data=         0

addr =          15, Data=         0

addr =          16, Data=         0

addr =          17, Data=        31

addr =          18, Data=         0

addr =          19, Data=         0

addr =          31, Data=     12348

PC + 4
PC next is      12376
周期 =          7 ：

PC = 00003054：

IR = 00000000：

OP= 0, Func =  0
控制信号：

AluOp =  0, MemToReg=0, MemWrite=0, Alu_Src=0, RegWrite=1, Syscall=0, SignedExt = 0

RegDst = 1, BEQ=0, BNE = 0, JR=0, JMP=0, JAL=0

Equal = 1

rs =  0

rt =  0

rd =  0

rA =  0

rB =  0

rW =  0

imme16 =          0

imme26 =          0

wData =          0

RegOutA =          0

RegOutB =          0

Alu_InB =          0

Alu_Out =          0

MemAddr =       0

Mem_Data_In =          0

Mem_Data_Out =          0

Result =          0

showLED = 0

pause_state = 0

Go = 0

LedData =          0

TotalCirc =     7

NoBranchCirc =     2

BranchCirc =     2

____REG____

addr =           0, Data=         0

addr =           1, Data=         0

addr =           2, Data=        34

addr =           3, Data=         0

addr =           4, Data=         0

addr =           5, Data=         0

addr =           6, Data=         0

addr =           7, Data=         0

addr =           8, Data=         0

addr =           9, Data=         0

addr =          10, Data=         0

addr =          11, Data=         0

addr =          12, Data=         0

addr =          13, Data=         0

addr =          14, Data=         0

addr =          15, Data=         0

addr =          16, Data=         0

addr =          17, Data=        31

addr =          18, Data=         0

addr =          19, Data=         0

addr =          31, Data=     12348

PC + 4
PC next is      12380
周期 =          8 ：

PC = 00003058：

IR = 00000000：

OP= 0, Func =  0
控制信号：

AluOp =  0, MemToReg=0, MemWrite=0, Alu_Src=0, RegWrite=1, Syscall=0, SignedExt = 0

RegDst = 1, BEQ=0, BNE = 0, JR=0, JMP=0, JAL=0

Equal = 1

rs =  0

rt =  0

rd =  0

rA =  0

rB =  0

rW =  0

imme16 =          0

imme26 =          0

wData =          0

RegOutA =          0

RegOutB =          0

Alu_InB =          0

Alu_Out =          0

MemAddr =       0

Mem_Data_In =          0

Mem_Data_Out =          0

Result =          0

showLED = 0

pause_state = 0

Go = 0

LedData =          0

TotalCirc =     8

NoBranchCirc =     2

BranchCirc =     2

____REG____

addr =           0, Data=         0

addr =           1, Data=         0

addr =           2, Data=        34

addr =           3, Data=         0

addr =           4, Data=         0

addr =           5, Data=         0

addr =           6, Data=         0

addr =           7, Data=         0

addr =           8, Data=         0

addr =           9, Data=         0

addr =          10, Data=         0

addr =          11, Data=         0

addr =          12, Data=         0

addr =          13, Data=         0

addr =          14, Data=         0

addr =          15, Data=         0

addr =          16, Data=         0

addr =          17, Data=        31

addr =          18, Data=         0

addr =          19, Data=         0

addr =          31, Data=     12348

PC + 4
PC next is      12384
周期 =          9 ：

PC = 0000305c：

IR = 00000000：

OP= 0, Func =  0
控制信号：

AluOp =  0, MemToReg=0, MemWrite=0, Alu_Src=0, RegWrite=1, Syscall=0, SignedExt = 0

RegDst = 1, BEQ=0, BNE = 0, JR=0, JMP=0, JAL=0

Equal = 1

rs =  0

rt =  0

rd =  0

rA =  0

rB =  0

rW =  0

imme16 =          0

imme26 =          0

wData =          0

RegOutA =          0

RegOutB =          0

Alu_InB =          0

Alu_Out =          0

MemAddr =       0

Mem_Data_In =          0

Mem_Data_Out =          0

Result =          0

showLED = 0

pause_state = 0

Go = 0

LedData =          0

TotalCirc =     9

NoBranchCirc =     2

BranchCirc =     2

____REG____

addr =           0, Data=         0

addr =           1, Data=         0

addr =           2, Data=        34

addr =           3, Data=         0

addr =           4, Data=         0

addr =           5, Data=         0

addr =           6, Data=         0

addr =           7, Data=         0

addr =           8, Data=         0

addr =           9, Data=         0

addr =          10, Data=         0

addr =          11, Data=         0

addr =          12, Data=         0

addr =          13, Data=         0

addr =          14, Data=         0

addr =          15, Data=         0

addr =          16, Data=         0

addr =          17, Data=        31

addr =          18, Data=         0

addr =          19, Data=         0

addr =          31, Data=     12348

PC + 4
PC next is      12388
周期 =         10 ：

PC = 00003060：

IR = 00112020：

OP= 0, Func = 32
控制信号：

AluOp =  5, MemToReg=0, MemWrite=0, Alu_Src=0, RegWrite=1, Syscall=0, SignedExt = 0

RegDst = 1, BEQ=0, BNE = 0, JR=0, JMP=0, JAL=0

Equal = 0

rs =  0

rt = 17

rd =  4

rA =  0

rB = 17

rW =  4

imme16 =       8224

imme26 =    1122336

wData =         31

RegOutA =          0

RegOutB =         31

Alu_InB =         31

Alu_Out =         31

MemAddr =       7

Mem_Data_In =         31

Mem_Data_Out =          0

Result =         31

showLED = 0

pause_state = 0

Go = 0

LedData =          0

TotalCirc =    10

NoBranchCirc =     2

BranchCirc =     2

____REG____

addr =           0, Data=         0

addr =           1, Data=         0

addr =           2, Data=        34

addr =           3, Data=         0

addr =           4, Data=        31

addr =           5, Data=         0

addr =           6, Data=         0

addr =           7, Data=         0

addr =           8, Data=         0

addr =           9, Data=         0

addr =          10, Data=         0

addr =          11, Data=         0

addr =          12, Data=         0

addr =          13, Data=         0

addr =          14, Data=         0

addr =          15, Data=         0

addr =          16, Data=         0

addr =          17, Data=        31

addr =          18, Data=         0

addr =          19, Data=         0

addr =          31, Data=     12348

PC + 4
PC next is      12392
周期 =         11 ：

PC = 00003064：

IR = 00000000：

OP= 0, Func =  0
控制信号：

AluOp =  0, MemToReg=0, MemWrite=0, Alu_Src=0, RegWrite=1, Syscall=0, SignedExt = 0

RegDst = 1, BEQ=0, BNE = 0, JR=0, JMP=0, JAL=0

Equal = 1

rs =  0

rt =  0

rd =  0

rA =  0

rB =  0

rW =  0

imme16 =          0

imme26 =          0

wData =          0

RegOutA =          0

RegOutB =          0

Alu_InB =          0

Alu_Out =          0

MemAddr =       0

Mem_Data_In =          0

Mem_Data_Out =          0

Result =          0

showLED = 0

pause_state = 0

Go = 0

LedData =          0

TotalCirc =    11

NoBranchCirc =     2

BranchCirc =     2

____REG____

addr =           0, Data=         0

addr =           1, Data=         0

addr =           2, Data=        34

addr =           3, Data=         0

addr =           4, Data=        31

addr =           5, Data=         0

addr =           6, Data=         0

addr =           7, Data=         0

addr =           8, Data=         0

addr =           9, Data=         0

addr =          10, Data=         0

addr =          11, Data=         0

addr =          12, Data=         0

addr =          13, Data=         0

addr =          14, Data=         0

addr =          15, Data=         0

addr =          16, Data=         0

addr =          17, Data=        31

addr =          18, Data=         0

addr =          19, Data=         0

addr =          31, Data=     12348

PC + 4
PC next is      12396
周期 =         12 ：

PC = 00003068：

IR = 00000000：

OP= 0, Func =  0
控制信号：

AluOp =  0, MemToReg=0, MemWrite=0, Alu_Src=0, RegWrite=1, Syscall=0, SignedExt = 0

RegDst = 1, BEQ=0, BNE = 0, JR=0, JMP=0, JAL=0

Equal = 1

rs =  0

rt =  0

rd =  0

rA =  0

rB =  0

rW =  0

imme16 =          0

imme26 =          0

wData =          0

RegOutA =          0

RegOutB =          0

Alu_InB =          0

Alu_Out =          0

MemAddr =       0

Mem_Data_In =          0

Mem_Data_Out =          0

Result =          0

showLED = 0

pause_state = 0

Go = 0

LedData =          0

TotalCirc =    12

NoBranchCirc =     2

BranchCirc =     2

____REG____

addr =           0, Data=         0

addr =           1, Data=         0

addr =           2, Data=        34

addr =           3, Data=         0

addr =           4, Data=        31

addr =           5, Data=         0

addr =           6, Data=         0

addr =           7, Data=         0

addr =           8, Data=         0

addr =           9, Data=         0

addr =          10, Data=         0

addr =          11, Data=         0

addr =          12, Data=         0

addr =          13, Data=         0

addr =          14, Data=         0

addr =          15, Data=         0

addr =          16, Data=         0

addr =          17, Data=        31

addr =          18, Data=         0

addr =          19, Data=         0

addr =          31, Data=     12348

PC + 4
PC next is      12400
周期 =         13 ：

PC = 0000306c：

IR = 00000000：

OP= 0, Func =  0
控制信号：

AluOp =  0, MemToReg=0, MemWrite=0, Alu_Src=0, RegWrite=1, Syscall=0, SignedExt = 0

RegDst = 1, BEQ=0, BNE = 0, JR=0, JMP=0, JAL=0

Equal = 1

rs =  0

rt =  0

rd =  0

rA =  0

rB =  0

rW =  0

imme16 =          0

imme26 =          0

wData =          0

RegOutA =          0

RegOutB =          0

Alu_InB =          0

Alu_Out =          0

MemAddr =       0

Mem_Data_In =          0

Mem_Data_Out =          0

Result =          0

showLED = 0

pause_state = 0

Go = 0

LedData =          0

TotalCirc =    13

NoBranchCirc =     2

BranchCirc =     2

____REG____

addr =           0, Data=         0

addr =           1, Data=         0

addr =           2, Data=        34

addr =           3, Data=         0

addr =           4, Data=        31

addr =           5, Data=         0

addr =           6, Data=         0

addr =           7, Data=         0

addr =           8, Data=         0

addr =           9, Data=         0

addr =          10, Data=         0

addr =          11, Data=         0

addr =          12, Data=         0

addr =          13, Data=         0

addr =          14, Data=         0

addr =          15, Data=         0

addr =          16, Data=         0

addr =          17, Data=        31

addr =          18, Data=         0

addr =          19, Data=         0

addr =          31, Data=     12348

PC + 4
PC next is      12404
周期 =         14 ：

PC = 00003070：

IR = 0000000c：

OP= 0, Func = 12
控制信号：

AluOp =  0, MemToReg=0, MemWrite=0, Alu_Src=0, RegWrite=0, Syscall=1, SignedExt = 0

RegDst = 0, BEQ=0, BNE = 0, JR=0, JMP=0, JAL=0

Equal = 0

rs =  0

rt =  0

rd =  0

rA =  2

rB =  4

rW =  0

imme16 =         12

imme26 =         12

wData =         31

RegOutA =         34

RegOutB =         31

Alu_InB =         31

Alu_Out =         31

MemAddr =       7

Mem_Data_In =         31

Mem_Data_Out =          0

Result =         31

showLED = 0

pause_state = 0

Go = 0

LedData =          0

TotalCirc =    14

NoBranchCirc =     2

BranchCirc =     2

INFO: [USF-XSim-96] XSim completed. Design snapshot 'tb_datapath_behav' loaded.
INFO: [USF-XSim-97] XSim simulation ran for 5000ns
launch_simulation: Time (s): cpu = 00:00:07 ; elapsed = 00:00:13 . Memory (MB): peak = 783.352 ; gain = 0.000
run 5 us
run 5 us
close_sim
INFO: [Simtcl 6-16] Simulation closed
close_sim: Time (s): cpu = 00:00:01 ; elapsed = 00:00:07 . Memory (MB): peak = 783.352 ; gain = 0.000
launch_simulation
INFO: [USF-XSim-27] Simulation object is 'sim_1'
INFO: [USF-XSim-37] Inspecting design source files for 'tb_datapath' in fileset 'sim_1'...
INFO: [USF-XSim-97] Finding global include files...
INFO: [USF-XSim-98] Fetching design files from 'sim_1'...
INFO: [USF-XSim-2] XSim::Compile design
INFO: [USF-XSim-61] Executing 'COMPILE' step in 'D:/ARCHIVE/VIVADO_WORKPLACE/CPU/CPU.sim/sim_1/behav'
"xvlog -m64 --relax -prj tb_datapath_vlog.prj"
INFO: [VRFC 10-2263] Analyzing Verilog file "D:/ARCHIVE/VIVADO_WORKPLACE/CPU/CPU.srcs/sources_1/new/Reg_File.v" into library xil_defaultlib
INFO: [VRFC 10-311] analyzing module Reg_File
INFO: [VRFC 10-2263] Analyzing Verilog file "D:/ARCHIVE/VIVADO_WORKPLACE/CPU/CPU.srcs/sources_1/new/Mem_Ins.v" into library xil_defaultlib
INFO: [VRFC 10-311] analyzing module Mem_Ins
WARNING: [VRFC 10-756] identifier MEMLEN is used before its declaration [D:/ARCHIVE/VIVADO_WORKPLACE/CPU/CPU.srcs/sources_1/new/Mem_Ins.v:4]
INFO: [VRFC 10-2263] Analyzing Verilog file "D:/ARCHIVE/VIVADO_WORKPLACE/CPU/CPU.srcs/sources_1/new/Mem_Data.v" into library xil_defaultlib
INFO: [VRFC 10-311] analyzing module Mem_Data
INFO: [VRFC 10-2263] Analyzing Verilog file "D:/ARCHIVE/VIVADO_WORKPLACE/CPU/CPU.srcs/sources_1/new/Controller.v" into library xil_defaultlib
INFO: [VRFC 10-311] analyzing module Controller
INFO: [VRFC 10-2263] Analyzing Verilog file "D:/ARCHIVE/VIVADO_WORKPLACE/CPU/CPU.srcs/sources_1/new/Alu.v" into library xil_defaultlib
INFO: [VRFC 10-311] analyzing module Alu
INFO: [VRFC 10-2263] Analyzing Verilog file "D:/ARCHIVE/VIVADO_WORKPLACE/CPU/CPU.srcs/sources_1/new/Datapath.v" into library xil_defaultlib
INFO: [VRFC 10-311] analyzing module Datapath
WARNING: [VRFC 10-756] identifier pause_state is used before its declaration [D:/ARCHIVE/VIVADO_WORKPLACE/CPU/CPU.srcs/sources_1/new/Datapath.v:42]
WARNING: [VRFC 10-756] identifier iii is used before its declaration [D:/ARCHIVE/VIVADO_WORKPLACE/CPU/CPU.srcs/sources_1/new/Datapath.v:43]
WARNING: [VRFC 10-756] identifier Result is used before its declaration [D:/ARCHIVE/VIVADO_WORKPLACE/CPU/CPU.srcs/sources_1/new/Datapath.v:85]
WARNING: [VRFC 10-756] identifier Result is used before its declaration [D:/ARCHIVE/VIVADO_WORKPLACE/CPU/CPU.srcs/sources_1/new/Datapath.v:89]
INFO: [VRFC 10-2263] Analyzing Verilog file "D:/ARCHIVE/VIVADO_WORKPLACE/CPU/CPU.srcs/sim_1/new/tb_datapath.v" into library xil_defaultlib
INFO: [VRFC 10-311] analyzing module tb_datapath
INFO: [VRFC 10-2263] Analyzing Verilog file "D:/ARCHIVE/VIVADO_WORKPLACE/CPU/CPU.sim/sim_1/behav/glbl.v" into library xil_defaultlib
INFO: [VRFC 10-311] analyzing module glbl
INFO: [USF-XSim-3] XSim::Elaborate design
INFO: [USF-XSim-61] Executing 'ELABORATE' step in 'D:/ARCHIVE/VIVADO_WORKPLACE/CPU/CPU.sim/sim_1/behav'
Vivado Simulator 2015.2
Copyright 1986-1999, 2001-2015 Xilinx, Inc. All Rights Reserved.
Running: D:/software/VIVADO/Vivado/2015.2/bin/unwrapped/win64.o/xelab.exe -wto 84249d45525347558246e7d4134ff288 --debug typical --relax --mt 2 -L xil_defaultlib -L unisims_ver -L unimacro_ver -L secureip --snapshot tb_datapath_behav xil_defaultlib.tb_datapath xil_defaultlib.glbl -log elaborate.log 
Using 2 slave threads.
Starting static elaboration
WARNING: [VRFC 10-278] actual bit length 4 differs from formal bit length 1 for port Sel [D:/ARCHIVE/VIVADO_WORKPLACE/CPU/CPU.srcs/sources_1/new/Datapath.v:115]
Completed static elaboration
Starting simulation data flow analysis
Completed simulation data flow analysis
Time Resolution for simulation is 1ps
Compiling module xil_defaultlib.Mem_Ins
Compiling module xil_defaultlib.Controller
Compiling module xil_defaultlib.Reg_File
Compiling module xil_defaultlib.Alu
Compiling module xil_defaultlib.Mem_Data
Compiling module xil_defaultlib.Datapath
Compiling module xil_defaultlib.tb_datapath
Compiling module xil_defaultlib.glbl
Waiting for 2 sub-compilation(s) to finish...
Built simulation snapshot tb_datapath_behav

****** Webtalk v2015.2 (64-bit)
  **** SW Build 1266856 on Fri Jun 26 16:35:25 MDT 2015
  **** IP Build 1264090 on Wed Jun 24 14:22:01 MDT 2015
    ** Copyright 1986-2015 Xilinx, Inc. All Rights Reserved.

source D:/ARCHIVE/VIVADO_WORKPLACE/CPU/CPU.sim/sim_1/behav/xsim.dir/tb_datapath_behav/webtalk/xsim_webtalk.tcl -notrace

    while executing
"webtalk_transmit -clientid 3957957827 -regid "" -xml D:/ARCHIVE/VIVADO_WORKPLACE/CPU/CPU.sim/sim_1/behav/xsim.dir/tb_datapath_behav/webtalk/usage_stat..."
    (file "D:/ARCHIVE/VIVADO_WORKPLACE/CPU/CPU.sim/sim_1/behav/xsim.dir/tb_datapath_behav/webtalk/xsim_webtalk.tcl" line 41)
INFO: [Common 17-206] Exiting Webtalk at Thu Feb 21 09:31:27 2019...
run_program: Time (s): cpu = 00:00:00 ; elapsed = 00:00:07 . Memory (MB): peak = 790.414 ; gain = 0.000
INFO: [USF-XSim-4] XSim::Simulate design
INFO: [USF-XSim-61] Executing 'SIMULATE' step in 'D:/ARCHIVE/VIVADO_WORKPLACE/CPU/CPU.sim/sim_1/behav'
INFO: [USF-XSim-98] *** Running xsim
   with args "tb_datapath_behav -key {Behavioral:sim_1:Functional:tb_datapath} -tclbatch {tb_datapath.tcl} -log {simulate.log}"
INFO: [USF-XSim-8] Loading simulator feature
Vivado Simulator 2015.2
Time resolution is 1 ps
source tb_datapath.tcl
# set curr_wave [current_wave_config]
# if { [string length $curr_wave] == 0 } {
#   if { [llength [get_objects]] > 0} {
#     add_wave /
#     set_property needs_save false [current_wave_config]
#   } else {
#      send_msg_id Add_Wave-1 WARNING "No top level signals found. Simulator will start without a wave window. If you want to open a wave window go to 'File->New Waveform Configuration' or type 'create_wave_config' in the TCL console."
#   }
# }
# run 5000ns
____REG____

addr =           0, Data=         0

addr =           1, Data=         0

addr =           2, Data=         0

addr =           3, Data=         0

addr =           4, Data=         0

addr =           5, Data=         0

addr =           6, Data=         0

addr =           7, Data=         0

addr =           8, Data=         0

addr =           9, Data=         0

addr =          10, Data=         0

addr =          11, Data=         0

addr =          12, Data=         0

addr =          13, Data=         0

addr =          14, Data=         0

addr =          15, Data=         0

addr =          16, Data=         0

addr =          17, Data=         0

addr =          18, Data=         0

addr =          19, Data=         0

addr =          31, Data=         0

PC + 4
PC next is          4
周期 =          0 ：

PC = 00000000：

IR = 20110020：

OP= 8, Func = 32
控制信号：

AluOp =  5, MemToReg=0, MemWrite=0, Alu_Src=1, RegWrite=1, Syscall=0, SignedExt = 1

RegDst = 0, BEQ=0, BNE = 0, JR=0, JMP=0, JAL=0

Equal = 0

rs =  0

rt = 17

rd =  0

rA =  0

rB = 17

rW = 17

imme16 =         32

imme26 =    1114144

wData =         32

RegOutA =          0

RegOutB =          0

Alu_InB =         32

Alu_Out =         32

MemAddr =       8

Mem_Data_In =          0

Mem_Data_Out =          0

Result =         32

showLED = 0

pause_state = 0

Go = 0

LedData =          0

TotalCirc =     0

NoBranchCirc =     0

BranchCirc =     0

____REG____

addr =           0, Data=         0

addr =           1, Data=         0

addr =           2, Data=         0

addr =           3, Data=         0

addr =           4, Data=         0

addr =           5, Data=         0

addr =           6, Data=         0

addr =           7, Data=         0

addr =           8, Data=         0

addr =           9, Data=         0

addr =          10, Data=         0

addr =          11, Data=         0

addr =          12, Data=         0

addr =          13, Data=         0

addr =          14, Data=         0

addr =          15, Data=         0

addr =          16, Data=         0

addr =          17, Data=        32

addr =          18, Data=         0

addr =          19, Data=         0

addr =          31, Data=         0

PC + 4
PC next is          8
周期 =          1 ：

PC = 00000004：

IR = 20020022：

OP= 8, Func = 34
控制信号：

AluOp =  5, MemToReg=0, MemWrite=0, Alu_Src=1, RegWrite=1, Syscall=0, SignedExt = 1

RegDst = 0, BEQ=0, BNE = 0, JR=0, JMP=0, JAL=0

Equal = 0

rs =  0

rt =  2

rd =  0

rA =  0

rB =  2

rW =  2

imme16 =         34

imme26 =     131106

wData =         34

RegOutA =          0

RegOutB =          0

Alu_InB =         34

Alu_Out =         34

MemAddr =       8

Mem_Data_In =          0

Mem_Data_Out =          0

Result =         34

showLED = 0

pause_state = 0

Go = 0

LedData =          0

TotalCirc =     1

NoBranchCirc =     0

BranchCirc =     0

____REG____

addr =           0, Data=         0

addr =           1, Data=         0

addr =           2, Data=        34

addr =           3, Data=         0

addr =           4, Data=         0

addr =           5, Data=         0

addr =           6, Data=         0

addr =           7, Data=         0

addr =           8, Data=         0

addr =           9, Data=         0

addr =          10, Data=         0

addr =          11, Data=         0

addr =          12, Data=         0

addr =          13, Data=         0

addr =          14, Data=         0

addr =          15, Data=         0

addr =          16, Data=         0

addr =          17, Data=        32

addr =          18, Data=         0

addr =          19, Data=         0

addr =          31, Data=         0

JAL || JMP
PC next is      12312
周期 =          2 ：

PC = 00000008：

IR = 08000c06：

OP= 2, Func =  6
控制信号：

AluOp =  0, MemToReg=0, MemWrite=0, Alu_Src=0, RegWrite=0, Syscall=0, SignedExt = 0

RegDst = 0, BEQ=0, BNE = 0, JR=0, JMP=1, JAL=0

Equal = 1

rs =  0

rt =  0

rd =  1

rA =  0

rB =  0

rW =  0

imme16 =       3078

imme26 =       3078

wData =          0

RegOutA =          0

RegOutB =          0

Alu_InB =          0

Alu_Out =          0

MemAddr =       0

Mem_Data_In =          0

Mem_Data_Out =          0

Result =          0

showLED = 0

pause_state = 0

Go = 0

LedData =          0

TotalCirc =     2

NoBranchCirc =     0

BranchCirc =     0

____REG____

addr =           0, Data=         0

addr =           1, Data=         0

addr =           2, Data=        34

addr =           3, Data=         0

addr =           4, Data=         0

addr =           5, Data=         0

addr =           6, Data=         0

addr =           7, Data=         0

addr =           8, Data=         0

addr =           9, Data=         0

addr =          10, Data=         0

addr =          11, Data=         0

addr =          12, Data=         0

addr =          13, Data=         0

addr =          14, Data=         0

addr =          15, Data=         0

addr =          16, Data=         0

addr =          17, Data=        32

addr =          18, Data=         0

addr =          19, Data=         0

addr =          31, Data=         0

BEQ || BNE
PC next is      12328
周期 =          3 ：

PC = 00003018：

IR = 10000003：

OP= 4, Func =  3
控制信号：

AluOp =  0, MemToReg=0, MemWrite=0, Alu_Src=0, RegWrite=0, Syscall=0, SignedExt = 1

RegDst = 0, BEQ=1, BNE = 0, JR=0, JMP=0, JAL=0

Equal = 1

rs =  0

rt =  0

rd =  0

rA =  0

rB =  0

rW =  0

imme16 =          3

imme26 =          3

wData =          0

RegOutA =          0

RegOutB =          0

Alu_InB =          0

Alu_Out =          0

MemAddr =       0

Mem_Data_In =          0

Mem_Data_Out =          0

Result =          0

showLED = 0

pause_state = 0

Go = 0

LedData =          0

TotalCirc =     3

NoBranchCirc =     1

BranchCirc =     0

____REG____

addr =           0, Data=         0

addr =           1, Data=         0

addr =           2, Data=        34

addr =           3, Data=         0

addr =           4, Data=         0

addr =           5, Data=         0

addr =           6, Data=         0

addr =           7, Data=         0

addr =           8, Data=         0

addr =           9, Data=         0

addr =          10, Data=         0

addr =          11, Data=         0

addr =          12, Data=         0

addr =          13, Data=         0

addr =          14, Data=         0

addr =          15, Data=         0

addr =          16, Data=         0

addr =          17, Data=        32

addr =          18, Data=         0

addr =          19, Data=         0

addr =          31, Data=         0

BEQ || BNE
PC next is      12344
周期 =          4 ：

PC = 00003028：

IR = 14110003：

OP= 5, Func =  3
控制信号：

AluOp =  0, MemToReg=0, MemWrite=0, Alu_Src=0, RegWrite=0, Syscall=0, SignedExt = 1

RegDst = 0, BEQ=0, BNE = 1, JR=0, JMP=0, JAL=0

Equal = 0

rs =  0

rt = 17

rd =  0

rA =  0

rB = 17

rW = 17

imme16 =          3

imme26 =    1114115

wData =         32

RegOutA =          0

RegOutB =         32

Alu_InB =         32

Alu_Out =         32

MemAddr =       8

Mem_Data_In =         32

Mem_Data_Out =          0

Result =         32

showLED = 0

pause_state = 0

Go = 0

LedData =          0

TotalCirc =     4

NoBranchCirc =     1

BranchCirc =     1

____REG____

addr =           0, Data=         0

addr =           1, Data=         0

addr =           2, Data=        34

addr =           3, Data=         0

addr =           4, Data=         0

addr =           5, Data=         0

addr =           6, Data=         0

addr =           7, Data=         0

addr =           8, Data=         0

addr =           9, Data=         0

addr =          10, Data=         0

addr =          11, Data=         0

addr =          12, Data=         0

addr =          13, Data=         0

addr =          14, Data=         0

addr =          15, Data=         0

addr =          16, Data=         0

addr =          17, Data=        32

addr =          18, Data=         0

addr =          19, Data=         0

addr =          31, Data=         0

JAL || JMP
PC next is      12368
周期 =          5 ：

PC = 00003038：

IR = 0c000c14：

OP= 3, Func = 20
控制信号：

AluOp =  0, MemToReg=0, MemWrite=0, Alu_Src=0, RegWrite=1, Syscall=0, SignedExt = 0

RegDst = 0, BEQ=0, BNE = 0, JR=0, JMP=0, JAL=1

Equal = 1

rs =  0

rt =  0

rd =  1

rA =  0

rB =  0

rW = 31

imme16 =       3092

imme26 =       3092

wData =      12348

RegOutA =          0

RegOutB =          0

Alu_InB =          0

Alu_Out =          0

MemAddr =       0

Mem_Data_In =          0

Mem_Data_Out =          0

Result =          0

showLED = 0

pause_state = 0

Go = 0

LedData =          0

TotalCirc =     5

NoBranchCirc =     1

BranchCirc =     2

____REG____

addr =           0, Data=         0

addr =           1, Data=         0

addr =           2, Data=        34

addr =           3, Data=         0

addr =           4, Data=         0

addr =           5, Data=         0

addr =           6, Data=         0

addr =           7, Data=         0

addr =           8, Data=         0

addr =           9, Data=         0

addr =          10, Data=         0

addr =          11, Data=         0

addr =          12, Data=         0

addr =          13, Data=         0

addr =          14, Data=         0

addr =          15, Data=         0

addr =          16, Data=         0

addr =          17, Data=        32

addr =          18, Data=         0

addr =          19, Data=         0

addr =          31, Data=     12348

PC + 4
PC next is      12372
周期 =          6 ：

PC = 00003050：

IR = 2231ffff：

OP= 8, Func = 63
控制信号：

AluOp =  5, MemToReg=0, MemWrite=0, Alu_Src=1, RegWrite=1, Syscall=0, SignedExt = 1

RegDst = 0, BEQ=0, BNE = 0, JR=0, JMP=0, JAL=0

Equal = 0

rs = 17

rt = 17

rd = 31

rA = 17

rB = 17

rW = 17

imme16 = 4294967295

imme26 = 4264689663

wData =         31

RegOutA =         32

RegOutB =         32

Alu_InB = 4294967295

Alu_Out =         31

MemAddr =       7

Mem_Data_In =         32

Mem_Data_Out =          0

Result =         31

showLED = 0

pause_state = 0

Go = 0

LedData =          0

TotalCirc =     6

NoBranchCirc =     2

BranchCirc =     2

____REG____

addr =           0, Data=         0

addr =           1, Data=         0

addr =           2, Data=        34

addr =           3, Data=         0

addr =           4, Data=         0

addr =           5, Data=         0

addr =           6, Data=         0

addr =           7, Data=         0

addr =           8, Data=         0

addr =           9, Data=         0

addr =          10, Data=         0

addr =          11, Data=         0

addr =          12, Data=         0

addr =          13, Data=         0

addr =          14, Data=         0

addr =          15, Data=         0

addr =          16, Data=         0

addr =          17, Data=        31

addr =          18, Data=         0

addr =          19, Data=         0

addr =          31, Data=     12348

PC + 4
PC next is      12376
周期 =          7 ：

PC = 00003054：

IR = 00000000：

OP= 0, Func =  0
控制信号：

AluOp =  0, MemToReg=0, MemWrite=0, Alu_Src=0, RegWrite=1, Syscall=0, SignedExt = 0

RegDst = 1, BEQ=0, BNE = 0, JR=0, JMP=0, JAL=0

Equal = 1

rs =  0

rt =  0

rd =  0

rA =  0

rB =  0

rW =  0

imme16 =          0

imme26 =          0

wData =          0

RegOutA =          0

RegOutB =          0

Alu_InB =          0

Alu_Out =          0

MemAddr =       0

Mem_Data_In =          0

Mem_Data_Out =          0

Result =          0

showLED = 0

pause_state = 0

Go = 0

LedData =          0

TotalCirc =     7

NoBranchCirc =     2

BranchCirc =     2

____REG____

addr =           0, Data=         0

addr =           1, Data=         0

addr =           2, Data=        34

addr =           3, Data=         0

addr =           4, Data=         0

addr =           5, Data=         0

addr =           6, Data=         0

addr =           7, Data=         0

addr =           8, Data=         0

addr =           9, Data=         0

addr =          10, Data=         0

addr =          11, Data=         0

addr =          12, Data=         0

addr =          13, Data=         0

addr =          14, Data=         0

addr =          15, Data=         0

addr =          16, Data=         0

addr =          17, Data=        31

addr =          18, Data=         0

addr =          19, Data=         0

addr =          31, Data=     12348

PC + 4
PC next is      12380
周期 =          8 ：

PC = 00003058：

IR = 00000000：

OP= 0, Func =  0
控制信号：

AluOp =  0, MemToReg=0, MemWrite=0, Alu_Src=0, RegWrite=1, Syscall=0, SignedExt = 0

RegDst = 1, BEQ=0, BNE = 0, JR=0, JMP=0, JAL=0

Equal = 1

rs =  0

rt =  0

rd =  0

rA =  0

rB =  0

rW =  0

imme16 =          0

imme26 =          0

wData =          0

RegOutA =          0

RegOutB =          0

Alu_InB =          0

Alu_Out =          0

MemAddr =       0

Mem_Data_In =          0

Mem_Data_Out =          0

Result =          0

showLED = 0

pause_state = 0

Go = 0

LedData =          0

TotalCirc =     8

NoBranchCirc =     2

BranchCirc =     2

____REG____

addr =           0, Data=         0

addr =           1, Data=         0

addr =           2, Data=        34

addr =           3, Data=         0

addr =           4, Data=         0

addr =           5, Data=         0

addr =           6, Data=         0

addr =           7, Data=         0

addr =           8, Data=         0

addr =           9, Data=         0

addr =          10, Data=         0

addr =          11, Data=         0

addr =          12, Data=         0

addr =          13, Data=         0

addr =          14, Data=         0

addr =          15, Data=         0

addr =          16, Data=         0

addr =          17, Data=        31

addr =          18, Data=         0

addr =          19, Data=         0

addr =          31, Data=     12348

PC + 4
PC next is      12384
周期 =          9 ：

PC = 0000305c：

IR = 00000000：

OP= 0, Func =  0
控制信号：

AluOp =  0, MemToReg=0, MemWrite=0, Alu_Src=0, RegWrite=1, Syscall=0, SignedExt = 0

RegDst = 1, BEQ=0, BNE = 0, JR=0, JMP=0, JAL=0

Equal = 1

rs =  0

rt =  0

rd =  0

rA =  0

rB =  0

rW =  0

imme16 =          0

imme26 =          0

wData =          0

RegOutA =          0

RegOutB =          0

Alu_InB =          0

Alu_Out =          0

MemAddr =       0

Mem_Data_In =          0

Mem_Data_Out =          0

Result =          0

showLED = 0

pause_state = 0

Go = 0

LedData =          0

TotalCirc =     9

NoBranchCirc =     2

BranchCirc =     2

____REG____

addr =           0, Data=         0

addr =           1, Data=         0

addr =           2, Data=        34

addr =           3, Data=         0

addr =           4, Data=         0

addr =           5, Data=         0

addr =           6, Data=         0

addr =           7, Data=         0

addr =           8, Data=         0

addr =           9, Data=         0

addr =          10, Data=         0

addr =          11, Data=         0

addr =          12, Data=         0

addr =          13, Data=         0

addr =          14, Data=         0

addr =          15, Data=         0

addr =          16, Data=         0

addr =          17, Data=        31

addr =          18, Data=         0

addr =          19, Data=         0

addr =          31, Data=     12348

PC + 4
PC next is      12388
周期 =         10 ：

PC = 00003060：

IR = 00112020：

OP= 0, Func = 32
控制信号：

AluOp =  5, MemToReg=0, MemWrite=0, Alu_Src=0, RegWrite=1, Syscall=0, SignedExt = 0

RegDst = 1, BEQ=0, BNE = 0, JR=0, JMP=0, JAL=0

Equal = 0

rs =  0

rt = 17

rd =  4

rA =  0

rB = 17

rW =  4

imme16 =       8224

imme26 =    1122336

wData =         31

RegOutA =          0

RegOutB =         31

Alu_InB =         31

Alu_Out =         31

MemAddr =       7

Mem_Data_In =         31

Mem_Data_Out =          0

Result =         31

showLED = 0

pause_state = 0

Go = 0

LedData =          0

TotalCirc =    10

NoBranchCirc =     2

BranchCirc =     2

____REG____

addr =           0, Data=         0

addr =           1, Data=         0

addr =           2, Data=        34

addr =           3, Data=         0

addr =           4, Data=        31

addr =           5, Data=         0

addr =           6, Data=         0

addr =           7, Data=         0

addr =           8, Data=         0

addr =           9, Data=         0

addr =          10, Data=         0

addr =          11, Data=         0

addr =          12, Data=         0

addr =          13, Data=         0

addr =          14, Data=         0

addr =          15, Data=         0

addr =          16, Data=         0

addr =          17, Data=        31

addr =          18, Data=         0

addr =          19, Data=         0

addr =          31, Data=     12348

PC + 4
PC next is      12392
周期 =         11 ：

PC = 00003064：

IR = 00000000：

OP= 0, Func =  0
控制信号：

AluOp =  0, MemToReg=0, MemWrite=0, Alu_Src=0, RegWrite=1, Syscall=0, SignedExt = 0

RegDst = 1, BEQ=0, BNE = 0, JR=0, JMP=0, JAL=0

Equal = 1

rs =  0

rt =  0

rd =  0

rA =  0

rB =  0

rW =  0

imme16 =          0

imme26 =          0

wData =          0

RegOutA =          0

RegOutB =          0

Alu_InB =          0

Alu_Out =          0

MemAddr =       0

Mem_Data_In =          0

Mem_Data_Out =          0

Result =          0

showLED = 0

pause_state = 0

Go = 0

LedData =          0

TotalCirc =    11

NoBranchCirc =     2

BranchCirc =     2

____REG____

addr =           0, Data=         0

addr =           1, Data=         0

addr =           2, Data=        34

addr =           3, Data=         0

addr =           4, Data=        31

addr =           5, Data=         0

addr =           6, Data=         0

addr =           7, Data=         0

addr =           8, Data=         0

addr =           9, Data=         0

addr =          10, Data=         0

addr =          11, Data=         0

addr =          12, Data=         0

addr =          13, Data=         0

addr =          14, Data=         0

addr =          15, Data=         0

addr =          16, Data=         0

addr =          17, Data=        31

addr =          18, Data=         0

addr =          19, Data=         0

addr =          31, Data=     12348

PC + 4
PC next is      12396
周期 =         12 ：

PC = 00003068：

IR = 00000000：

OP= 0, Func =  0
控制信号：

AluOp =  0, MemToReg=0, MemWrite=0, Alu_Src=0, RegWrite=1, Syscall=0, SignedExt = 0

RegDst = 1, BEQ=0, BNE = 0, JR=0, JMP=0, JAL=0

Equal = 1

rs =  0

rt =  0

rd =  0

rA =  0

rB =  0

rW =  0

imme16 =          0

imme26 =          0

wData =          0

RegOutA =          0

RegOutB =          0

Alu_InB =          0

Alu_Out =          0

MemAddr =       0

Mem_Data_In =          0

Mem_Data_Out =          0

Result =          0

showLED = 0

pause_state = 0

Go = 0

LedData =          0

TotalCirc =    12

NoBranchCirc =     2

BranchCirc =     2

____REG____

addr =           0, Data=         0

addr =           1, Data=         0

addr =           2, Data=        34

addr =           3, Data=         0

addr =           4, Data=        31

addr =           5, Data=         0

addr =           6, Data=         0

addr =           7, Data=         0

addr =           8, Data=         0

addr =           9, Data=         0

addr =          10, Data=         0

addr =          11, Data=         0

addr =          12, Data=         0

addr =          13, Data=         0

addr =          14, Data=         0

addr =          15, Data=         0

addr =          16, Data=         0

addr =          17, Data=        31

addr =          18, Data=         0

addr =          19, Data=         0

addr =          31, Data=     12348

PC + 4
PC next is      12400
周期 =         13 ：

PC = 0000306c：

IR = 00000000：

OP= 0, Func =  0
控制信号：

AluOp =  0, MemToReg=0, MemWrite=0, Alu_Src=0, RegWrite=1, Syscall=0, SignedExt = 0

RegDst = 1, BEQ=0, BNE = 0, JR=0, JMP=0, JAL=0

Equal = 1

rs =  0

rt =  0

rd =  0

rA =  0

rB =  0

rW =  0

imme16 =          0

imme26 =          0

wData =          0

RegOutA =          0

RegOutB =          0

Alu_InB =          0

Alu_Out =          0

MemAddr =       0

Mem_Data_In =          0

Mem_Data_Out =          0

Result =          0

showLED = 0

pause_state = 0

Go = 0

LedData =          0

TotalCirc =    13

NoBranchCirc =     2

BranchCirc =     2

____REG____

addr =           0, Data=         0

addr =           1, Data=         0

addr =           2, Data=        34

addr =           3, Data=         0

addr =           4, Data=        31

addr =           5, Data=         0

addr =           6, Data=         0

addr =           7, Data=         0

addr =           8, Data=         0

addr =           9, Data=         0

addr =          10, Data=         0

addr =          11, Data=         0

addr =          12, Data=         0

addr =          13, Data=         0

addr =          14, Data=         0

addr =          15, Data=         0

addr =          16, Data=         0

addr =          17, Data=        31

addr =          18, Data=         0

addr =          19, Data=         0

addr =          31, Data=     12348

PC + 4
PC next is      12404
周期 =         14 ：

PC = 00003070：

IR = 0000000c：

OP= 0, Func = 12
控制信号：

AluOp =  0, MemToReg=0, MemWrite=0, Alu_Src=0, RegWrite=0, Syscall=1, SignedExt = 0

RegDst = 0, BEQ=0, BNE = 0, JR=0, JMP=0, JAL=0

Equal = 0

rs =  0

rt =  0

rd =  0

rA =  2

rB =  4

rW =  0

imme16 =         12

imme26 =         12

wData =         31

RegOutA =         34

RegOutB =         31

Alu_InB =         31

Alu_Out =         31

MemAddr =       7

Mem_Data_In =         31

Mem_Data_Out =          0

Result =         31

showLED = 0

pause_state = 0

Go = 0

LedData =          0

TotalCirc =    14

NoBranchCirc =     2

BranchCirc =     2

INFO: [USF-XSim-96] XSim completed. Design snapshot 'tb_datapath_behav' loaded.
INFO: [USF-XSim-97] XSim simulation ran for 5000ns
launch_simulation: Time (s): cpu = 00:00:04 ; elapsed = 00:00:12 . Memory (MB): peak = 809.688 ; gain = 19.273
run 1000 us
step
Stopped at time : 1005005 ns : File "D:/ARCHIVE/VIVADO_WORKPLACE/CPU/CPU.srcs/sim_1/new/tb_datapath.v" Line 14
run 1000 us
close_sim
INFO: [Simtcl 6-16] Simulation closed
close_sim: Time (s): cpu = 00:00:02 ; elapsed = 00:00:08 . Memory (MB): peak = 809.688 ; gain = 0.000
launch_simulation
INFO: [USF-XSim-27] Simulation object is 'sim_1'
INFO: [USF-XSim-37] Inspecting design source files for 'tb_datapath' in fileset 'sim_1'...
INFO: [USF-XSim-97] Finding global include files...
INFO: [USF-XSim-98] Fetching design files from 'sim_1'...
INFO: [USF-XSim-2] XSim::Compile design
INFO: [USF-XSim-61] Executing 'COMPILE' step in 'D:/ARCHIVE/VIVADO_WORKPLACE/CPU/CPU.sim/sim_1/behav'
"xvlog -m64 --relax -prj tb_datapath_vlog.prj"
INFO: [VRFC 10-2263] Analyzing Verilog file "D:/ARCHIVE/VIVADO_WORKPLACE/CPU/CPU.srcs/sources_1/new/Reg_File.v" into library xil_defaultlib
INFO: [VRFC 10-311] analyzing module Reg_File
INFO: [VRFC 10-2263] Analyzing Verilog file "D:/ARCHIVE/VIVADO_WORKPLACE/CPU/CPU.srcs/sources_1/new/Mem_Ins.v" into library xil_defaultlib
INFO: [VRFC 10-311] analyzing module Mem_Ins
WARNING: [VRFC 10-756] identifier MEMLEN is used before its declaration [D:/ARCHIVE/VIVADO_WORKPLACE/CPU/CPU.srcs/sources_1/new/Mem_Ins.v:4]
INFO: [VRFC 10-2263] Analyzing Verilog file "D:/ARCHIVE/VIVADO_WORKPLACE/CPU/CPU.srcs/sources_1/new/Mem_Data.v" into library xil_defaultlib
INFO: [VRFC 10-311] analyzing module Mem_Data
INFO: [VRFC 10-2263] Analyzing Verilog file "D:/ARCHIVE/VIVADO_WORKPLACE/CPU/CPU.srcs/sources_1/new/Controller.v" into library xil_defaultlib
INFO: [VRFC 10-311] analyzing module Controller
INFO: [VRFC 10-2263] Analyzing Verilog file "D:/ARCHIVE/VIVADO_WORKPLACE/CPU/CPU.srcs/sources_1/new/Alu.v" into library xil_defaultlib
INFO: [VRFC 10-311] analyzing module Alu
INFO: [VRFC 10-2263] Analyzing Verilog file "D:/ARCHIVE/VIVADO_WORKPLACE/CPU/CPU.srcs/sources_1/new/Datapath.v" into library xil_defaultlib
INFO: [VRFC 10-311] analyzing module Datapath
WARNING: [VRFC 10-756] identifier pause_state is used before its declaration [D:/ARCHIVE/VIVADO_WORKPLACE/CPU/CPU.srcs/sources_1/new/Datapath.v:42]
WARNING: [VRFC 10-756] identifier iii is used before its declaration [D:/ARCHIVE/VIVADO_WORKPLACE/CPU/CPU.srcs/sources_1/new/Datapath.v:43]
WARNING: [VRFC 10-756] identifier Result is used before its declaration [D:/ARCHIVE/VIVADO_WORKPLACE/CPU/CPU.srcs/sources_1/new/Datapath.v:85]
WARNING: [VRFC 10-756] identifier Result is used before its declaration [D:/ARCHIVE/VIVADO_WORKPLACE/CPU/CPU.srcs/sources_1/new/Datapath.v:89]
INFO: [VRFC 10-2263] Analyzing Verilog file "D:/ARCHIVE/VIVADO_WORKPLACE/CPU/CPU.srcs/sim_1/new/tb_datapath.v" into library xil_defaultlib
INFO: [VRFC 10-311] analyzing module tb_datapath
INFO: [VRFC 10-2263] Analyzing Verilog file "D:/ARCHIVE/VIVADO_WORKPLACE/CPU/CPU.sim/sim_1/behav/glbl.v" into library xil_defaultlib
INFO: [VRFC 10-311] analyzing module glbl
INFO: [USF-XSim-3] XSim::Elaborate design
INFO: [USF-XSim-61] Executing 'ELABORATE' step in 'D:/ARCHIVE/VIVADO_WORKPLACE/CPU/CPU.sim/sim_1/behav'
Vivado Simulator 2015.2
Copyright 1986-1999, 2001-2015 Xilinx, Inc. All Rights Reserved.
Running: D:/software/VIVADO/Vivado/2015.2/bin/unwrapped/win64.o/xelab.exe -wto 84249d45525347558246e7d4134ff288 --debug typical --relax --mt 2 -L xil_defaultlib -L unisims_ver -L unimacro_ver -L secureip --snapshot tb_datapath_behav xil_defaultlib.tb_datapath xil_defaultlib.glbl -log elaborate.log 
Using 2 slave threads.
Starting static elaboration
WARNING: [VRFC 10-278] actual bit length 4 differs from formal bit length 1 for port Sel [D:/ARCHIVE/VIVADO_WORKPLACE/CPU/CPU.srcs/sources_1/new/Datapath.v:115]
Completed static elaboration
Starting simulation data flow analysis
Completed simulation data flow analysis
Time Resolution for simulation is 1ps
Compiling module xil_defaultlib.Mem_Ins
Compiling module xil_defaultlib.Controller
Compiling module xil_defaultlib.Reg_File
Compiling module xil_defaultlib.Alu
Compiling module xil_defaultlib.Mem_Data
Compiling module xil_defaultlib.Datapath
Compiling module xil_defaultlib.tb_datapath
Compiling module xil_defaultlib.glbl
Waiting for 2 sub-compilation(s) to finish...
Built simulation snapshot tb_datapath_behav

****** Webtalk v2015.2 (64-bit)
  **** SW Build 1266856 on Fri Jun 26 16:35:25 MDT 2015
  **** IP Build 1264090 on Wed Jun 24 14:22:01 MDT 2015
    ** Copyright 1986-2015 Xilinx, Inc. All Rights Reserved.

source D:/ARCHIVE/VIVADO_WORKPLACE/CPU/CPU.sim/sim_1/behav/xsim.dir/tb_datapath_behav/webtalk/xsim_webtalk.tcl -notrace
INFO: [Common 17-186] 'D:/ARCHIVE/VIVADO_WORKPLACE/CPU/CPU.sim/sim_1/behav/xsim.dir/tb_datapath_behav/webtalk/usage_statistics_ext_xsim.xml' has been successfully sent to Xilinx on Thu Feb 21 09:34:04 2019. For additional details about this file, please refer to the WebTalk help file at D:/software/VIVADO/Vivado/2015.2/doc/webtalk_introduction.html.
INFO: [Common 17-206] Exiting Webtalk at Thu Feb 21 09:34:04 2019...
run_program: Time (s): cpu = 00:00:00 ; elapsed = 00:00:07 . Memory (MB): peak = 809.688 ; gain = 0.000
INFO: [USF-XSim-4] XSim::Simulate design
INFO: [USF-XSim-61] Executing 'SIMULATE' step in 'D:/ARCHIVE/VIVADO_WORKPLACE/CPU/CPU.sim/sim_1/behav'
INFO: [USF-XSim-98] *** Running xsim
   with args "tb_datapath_behav -key {Behavioral:sim_1:Functional:tb_datapath} -tclbatch {tb_datapath.tcl} -log {simulate.log}"
INFO: [USF-XSim-8] Loading simulator feature
Vivado Simulator 2015.2
Time resolution is 1 ps
source tb_datapath.tcl
# set curr_wave [current_wave_config]
# if { [string length $curr_wave] == 0 } {
#   if { [llength [get_objects]] > 0} {
#     add_wave /
#     set_property needs_save false [current_wave_config]
#   } else {
#      send_msg_id Add_Wave-1 WARNING "No top level signals found. Simulator will start without a wave window. If you want to open a wave window go to 'File->New Waveform Configuration' or type 'create_wave_config' in the TCL console."
#   }
# }
# run 5000ns
____REG____

addr =           0, Data=         0

addr =           1, Data=         0

addr =           2, Data=         0

addr =           3, Data=         0

addr =           4, Data=         0

addr =           5, Data=         0

addr =           6, Data=         0

addr =           7, Data=         0

addr =           8, Data=         0

addr =           9, Data=         0

addr =          10, Data=         0

addr =          11, Data=         0

addr =          12, Data=         0

addr =          13, Data=         0

addr =          14, Data=         0

addr =          15, Data=         0

addr =          16, Data=         0

addr =          17, Data=         0

addr =          18, Data=         0

addr =          19, Data=         0

addr =          31, Data=         0

PC + 4
PC next is          4
周期 =          0 ：

PC = 00000000：

IR = 20110020：

OP= 8, Func = 32
控制信号：

AluOp =  5, MemToReg=0, MemWrite=0, Alu_Src=1, RegWrite=1, Syscall=0, SignedExt = 1

RegDst = 0, BEQ=0, BNE = 0, JR=0, JMP=0, JAL=0

Equal = 0

rs =  0

rt = 17

rd =  0

rA =  0

rB = 17

rW = 17

imme16 =         32

imme26 =    1114144

wData =         32

RegOutA =          0

RegOutB =          0

Alu_InB =         32

Alu_Out =         32

MemAddr =       8

Mem_Data_In =          0

Mem_Data_Out =          0

Result =         32

showLED = 0

pause_state = 0

Go = 0

LedData =          0

TotalCirc =     0

NoBranchCirc =     0

BranchCirc =     0

____REG____

addr =           0, Data=         0

addr =           1, Data=         0

addr =           2, Data=         0

addr =           3, Data=         0

addr =           4, Data=         0

addr =           5, Data=         0

addr =           6, Data=         0

addr =           7, Data=         0

addr =           8, Data=         0

addr =           9, Data=         0

addr =          10, Data=         0

addr =          11, Data=         0

addr =          12, Data=         0

addr =          13, Data=         0

addr =          14, Data=         0

addr =          15, Data=         0

addr =          16, Data=         0

addr =          17, Data=        32

addr =          18, Data=         0

addr =          19, Data=         0

addr =          31, Data=         0

PC + 4
PC next is          8
周期 =          1 ：

PC = 00000004：

IR = 20020022：

OP= 8, Func = 34
控制信号：

AluOp =  5, MemToReg=0, MemWrite=0, Alu_Src=1, RegWrite=1, Syscall=0, SignedExt = 1

RegDst = 0, BEQ=0, BNE = 0, JR=0, JMP=0, JAL=0

Equal = 0

rs =  0

rt =  2

rd =  0

rA =  0

rB =  2

rW =  2

imme16 =         34

imme26 =     131106

wData =         34

RegOutA =          0

RegOutB =          0

Alu_InB =         34

Alu_Out =         34

MemAddr =       8

Mem_Data_In =          0

Mem_Data_Out =          0

Result =         34

showLED = 0

pause_state = 0

Go = 0

LedData =          0

TotalCirc =     1

NoBranchCirc =     0

BranchCirc =     0

____REG____

addr =           0, Data=         0

addr =           1, Data=         0

addr =           2, Data=        34

addr =           3, Data=         0

addr =           4, Data=         0

addr =           5, Data=         0

addr =           6, Data=         0

addr =           7, Data=         0

addr =           8, Data=         0

addr =           9, Data=         0

addr =          10, Data=         0

addr =          11, Data=         0

addr =          12, Data=         0

addr =          13, Data=         0

addr =          14, Data=         0

addr =          15, Data=         0

addr =          16, Data=         0

addr =          17, Data=        32

addr =          18, Data=         0

addr =          19, Data=         0

addr =          31, Data=         0

JAL || JMP
PC next is      12312
周期 =          2 ：

PC = 00000008：

IR = 08000c06：

OP= 2, Func =  6
控制信号：

AluOp =  0, MemToReg=0, MemWrite=0, Alu_Src=0, RegWrite=0, Syscall=0, SignedExt = 0

RegDst = 0, BEQ=0, BNE = 0, JR=0, JMP=1, JAL=0

Equal = 1

rs =  0

rt =  0

rd =  1

rA =  0

rB =  0

rW =  0

imme16 =       3078

imme26 =       3078

wData =          0

RegOutA =          0

RegOutB =          0

Alu_InB =          0

Alu_Out =          0

MemAddr =       0

Mem_Data_In =          0

Mem_Data_Out =          0

Result =          0

showLED = 0

pause_state = 0

Go = 0

LedData =          0

TotalCirc =     2

NoBranchCirc =     0

BranchCirc =     0

____REG____

addr =           0, Data=         0

addr =           1, Data=         0

addr =           2, Data=        34

addr =           3, Data=         0

addr =           4, Data=         0

addr =           5, Data=         0

addr =           6, Data=         0

addr =           7, Data=         0

addr =           8, Data=         0

addr =           9, Data=         0

addr =          10, Data=         0

addr =          11, Data=         0

addr =          12, Data=         0

addr =          13, Data=         0

addr =          14, Data=         0

addr =          15, Data=         0

addr =          16, Data=         0

addr =          17, Data=        32

addr =          18, Data=         0

addr =          19, Data=         0

addr =          31, Data=         0

BEQ || BNE
PC next is      12328
周期 =          3 ：

PC = 00003018：

IR = 10000003：

OP= 4, Func =  3
控制信号：

AluOp =  0, MemToReg=0, MemWrite=0, Alu_Src=0, RegWrite=0, Syscall=0, SignedExt = 1

RegDst = 0, BEQ=1, BNE = 0, JR=0, JMP=0, JAL=0

Equal = 1

rs =  0

rt =  0

rd =  0

rA =  0

rB =  0

rW =  0

imme16 =          3

imme26 =          3

wData =          0

RegOutA =          0

RegOutB =          0

Alu_InB =          0

Alu_Out =          0

MemAddr =       0

Mem_Data_In =          0

Mem_Data_Out =          0

Result =          0

showLED = 0

pause_state = 0

Go = 0

LedData =          0

TotalCirc =     3

NoBranchCirc =     1

BranchCirc =     0

____REG____

addr =           0, Data=         0

addr =           1, Data=         0

addr =           2, Data=        34

addr =           3, Data=         0

addr =           4, Data=         0

addr =           5, Data=         0

addr =           6, Data=         0

addr =           7, Data=         0

addr =           8, Data=         0

addr =           9, Data=         0

addr =          10, Data=         0

addr =          11, Data=         0

addr =          12, Data=         0

addr =          13, Data=         0

addr =          14, Data=         0

addr =          15, Data=         0

addr =          16, Data=         0

addr =          17, Data=        32

addr =          18, Data=         0

addr =          19, Data=         0

addr =          31, Data=         0

BEQ || BNE
PC next is      12344
周期 =          4 ：

PC = 00003028：

IR = 14110003：

OP= 5, Func =  3
控制信号：

AluOp =  0, MemToReg=0, MemWrite=0, Alu_Src=0, RegWrite=0, Syscall=0, SignedExt = 1

RegDst = 0, BEQ=0, BNE = 1, JR=0, JMP=0, JAL=0

Equal = 0

rs =  0

rt = 17

rd =  0

rA =  0

rB = 17

rW = 17

imme16 =          3

imme26 =    1114115

wData =         32

RegOutA =          0

RegOutB =         32

Alu_InB =         32

Alu_Out =         32

MemAddr =       8

Mem_Data_In =         32

Mem_Data_Out =          0

Result =         32

showLED = 0

pause_state = 0

Go = 0

LedData =          0

TotalCirc =     4

NoBranchCirc =     1

BranchCirc =     1

____REG____

addr =           0, Data=         0

addr =           1, Data=         0

addr =           2, Data=        34

addr =           3, Data=         0

addr =           4, Data=         0

addr =           5, Data=         0

addr =           6, Data=         0

addr =           7, Data=         0

addr =           8, Data=         0

addr =           9, Data=         0

addr =          10, Data=         0

addr =          11, Data=         0

addr =          12, Data=         0

addr =          13, Data=         0

addr =          14, Data=         0

addr =          15, Data=         0

addr =          16, Data=         0

addr =          17, Data=        32

addr =          18, Data=         0

addr =          19, Data=         0

addr =          31, Data=         0

JAL || JMP
PC next is      12368
周期 =          5 ：

PC = 00003038：

IR = 0c000c14：

OP= 3, Func = 20
控制信号：

AluOp =  0, MemToReg=0, MemWrite=0, Alu_Src=0, RegWrite=1, Syscall=0, SignedExt = 0

RegDst = 0, BEQ=0, BNE = 0, JR=0, JMP=0, JAL=1

Equal = 1

rs =  0

rt =  0

rd =  1

rA =  0

rB =  0

rW = 31

imme16 =       3092

imme26 =       3092

wData =      12348

RegOutA =          0

RegOutB =          0

Alu_InB =          0

Alu_Out =          0

MemAddr =       0

Mem_Data_In =          0

Mem_Data_Out =          0

Result =          0

showLED = 0

pause_state = 0

Go = 0

LedData =          0

TotalCirc =     5

NoBranchCirc =     1

BranchCirc =     2

____REG____

addr =           0, Data=         0

addr =           1, Data=         0

addr =           2, Data=        34

addr =           3, Data=         0

addr =           4, Data=         0

addr =           5, Data=         0

addr =           6, Data=         0

addr =           7, Data=         0

addr =           8, Data=         0

addr =           9, Data=         0

addr =          10, Data=         0

addr =          11, Data=         0

addr =          12, Data=         0

addr =          13, Data=         0

addr =          14, Data=         0

addr =          15, Data=         0

addr =          16, Data=         0

addr =          17, Data=        32

addr =          18, Data=         0

addr =          19, Data=         0

addr =          31, Data=     12348

PC + 4
PC next is      12372
周期 =          6 ：

PC = 00003050：

IR = 2231ffff：

OP= 8, Func = 63
控制信号：

AluOp =  5, MemToReg=0, MemWrite=0, Alu_Src=1, RegWrite=1, Syscall=0, SignedExt = 1

RegDst = 0, BEQ=0, BNE = 0, JR=0, JMP=0, JAL=0

Equal = 0

rs = 17

rt = 17

rd = 31

rA = 17

rB = 17

rW = 17

imme16 = 4294967295

imme26 = 4264689663

wData =         31

RegOutA =         32

RegOutB =         32

Alu_InB = 4294967295

Alu_Out =         31

MemAddr =       7

Mem_Data_In =         32

Mem_Data_Out =          0

Result =         31

showLED = 0

pause_state = 0

Go = 0

LedData =          0

TotalCirc =     6

NoBranchCirc =     2

BranchCirc =     2

____REG____

addr =           0, Data=         0

addr =           1, Data=         0

addr =           2, Data=        34

addr =           3, Data=         0

addr =           4, Data=         0

addr =           5, Data=         0

addr =           6, Data=         0

addr =           7, Data=         0

addr =           8, Data=         0

addr =           9, Data=         0

addr =          10, Data=         0

addr =          11, Data=         0

addr =          12, Data=         0

addr =          13, Data=         0

addr =          14, Data=         0

addr =          15, Data=         0

addr =          16, Data=         0

addr =          17, Data=        31

addr =          18, Data=         0

addr =          19, Data=         0

addr =          31, Data=     12348

PC + 4
PC next is      12376
周期 =          7 ：

PC = 00003054：

IR = 00000000：

OP= 0, Func =  0
控制信号：

AluOp =  0, MemToReg=0, MemWrite=0, Alu_Src=0, RegWrite=1, Syscall=0, SignedExt = 0

RegDst = 1, BEQ=0, BNE = 0, JR=0, JMP=0, JAL=0

Equal = 1

rs =  0

rt =  0

rd =  0

rA =  0

rB =  0

rW =  0

imme16 =          0

imme26 =          0

wData =          0

RegOutA =          0

RegOutB =          0

Alu_InB =          0

Alu_Out =          0

MemAddr =       0

Mem_Data_In =          0

Mem_Data_Out =          0

Result =          0

showLED = 0

pause_state = 0

Go = 0

LedData =          0

TotalCirc =     7

NoBranchCirc =     2

BranchCirc =     2

____REG____

addr =           0, Data=         0

addr =           1, Data=         0

addr =           2, Data=        34

addr =           3, Data=         0

addr =           4, Data=         0

addr =           5, Data=         0

addr =           6, Data=         0

addr =           7, Data=         0

addr =           8, Data=         0

addr =           9, Data=         0

addr =          10, Data=         0

addr =          11, Data=         0

addr =          12, Data=         0

addr =          13, Data=         0

addr =          14, Data=         0

addr =          15, Data=         0

addr =          16, Data=         0

addr =          17, Data=        31

addr =          18, Data=         0

addr =          19, Data=         0

addr =          31, Data=     12348

PC + 4
PC next is      12380
周期 =          8 ：

PC = 00003058：

IR = 00000000：

OP= 0, Func =  0
控制信号：

AluOp =  0, MemToReg=0, MemWrite=0, Alu_Src=0, RegWrite=1, Syscall=0, SignedExt = 0

RegDst = 1, BEQ=0, BNE = 0, JR=0, JMP=0, JAL=0

Equal = 1

rs =  0

rt =  0

rd =  0

rA =  0

rB =  0

rW =  0

imme16 =          0

imme26 =          0

wData =          0

RegOutA =          0

RegOutB =          0

Alu_InB =          0

Alu_Out =          0

MemAddr =       0

Mem_Data_In =          0

Mem_Data_Out =          0

Result =          0

showLED = 0

pause_state = 0

Go = 0

LedData =          0

TotalCirc =     8

NoBranchCirc =     2

BranchCirc =     2

____REG____

addr =           0, Data=         0

addr =           1, Data=         0

addr =           2, Data=        34

addr =           3, Data=         0

addr =           4, Data=         0

addr =           5, Data=         0

addr =           6, Data=         0

addr =           7, Data=         0

addr =           8, Data=         0

addr =           9, Data=         0

addr =          10, Data=         0

addr =          11, Data=         0

addr =          12, Data=         0

addr =          13, Data=         0

addr =          14, Data=         0

addr =          15, Data=         0

addr =          16, Data=         0

addr =          17, Data=        31

addr =          18, Data=         0

addr =          19, Data=         0

addr =          31, Data=     12348

PC + 4
PC next is      12384
周期 =          9 ：

PC = 0000305c：

IR = 00000000：

OP= 0, Func =  0
控制信号：

AluOp =  0, MemToReg=0, MemWrite=0, Alu_Src=0, RegWrite=1, Syscall=0, SignedExt = 0

RegDst = 1, BEQ=0, BNE = 0, JR=0, JMP=0, JAL=0

Equal = 1

rs =  0

rt =  0

rd =  0

rA =  0

rB =  0

rW =  0

imme16 =          0

imme26 =          0

wData =          0

RegOutA =          0

RegOutB =          0

Alu_InB =          0

Alu_Out =          0

MemAddr =       0

Mem_Data_In =          0

Mem_Data_Out =          0

Result =          0

showLED = 0

pause_state = 0

Go = 0

LedData =          0

TotalCirc =     9

NoBranchCirc =     2

BranchCirc =     2

____REG____

addr =           0, Data=         0

addr =           1, Data=         0

addr =           2, Data=        34

addr =           3, Data=         0

addr =           4, Data=         0

addr =           5, Data=         0

addr =           6, Data=         0

addr =           7, Data=         0

addr =           8, Data=         0

addr =           9, Data=         0

addr =          10, Data=         0

addr =          11, Data=         0

addr =          12, Data=         0

addr =          13, Data=         0

addr =          14, Data=         0

addr =          15, Data=         0

addr =          16, Data=         0

addr =          17, Data=        31

addr =          18, Data=         0

addr =          19, Data=         0

addr =          31, Data=     12348

PC + 4
PC next is      12388
周期 =         10 ：

PC = 00003060：

IR = 00112020：

OP= 0, Func = 32
控制信号：

AluOp =  5, MemToReg=0, MemWrite=0, Alu_Src=0, RegWrite=1, Syscall=0, SignedExt = 0

RegDst = 1, BEQ=0, BNE = 0, JR=0, JMP=0, JAL=0

Equal = 0

rs =  0

rt = 17

rd =  4

rA =  0

rB = 17

rW =  4

imme16 =       8224

imme26 =    1122336

wData =         31

RegOutA =          0

RegOutB =         31

Alu_InB =         31

Alu_Out =         31

MemAddr =       7

Mem_Data_In =         31

Mem_Data_Out =          0

Result =         31

showLED = 0

pause_state = 0

Go = 0

LedData =          0

TotalCirc =    10

NoBranchCirc =     2

BranchCirc =     2

____REG____

addr =           0, Data=         0

addr =           1, Data=         0

addr =           2, Data=        34

addr =           3, Data=         0

addr =           4, Data=        31

addr =           5, Data=         0

addr =           6, Data=         0

addr =           7, Data=         0

addr =           8, Data=         0

addr =           9, Data=         0

addr =          10, Data=         0

addr =          11, Data=         0

addr =          12, Data=         0

addr =          13, Data=         0

addr =          14, Data=         0

addr =          15, Data=         0

addr =          16, Data=         0

addr =          17, Data=        31

addr =          18, Data=         0

addr =          19, Data=         0

addr =          31, Data=     12348

PC + 4
PC next is      12392
周期 =         11 ：

PC = 00003064：

IR = 00000000：

OP= 0, Func =  0
控制信号：

AluOp =  0, MemToReg=0, MemWrite=0, Alu_Src=0, RegWrite=1, Syscall=0, SignedExt = 0

RegDst = 1, BEQ=0, BNE = 0, JR=0, JMP=0, JAL=0

Equal = 1

rs =  0

rt =  0

rd =  0

rA =  0

rB =  0

rW =  0

imme16 =          0

imme26 =          0

wData =          0

RegOutA =          0

RegOutB =          0

Alu_InB =          0

Alu_Out =          0

MemAddr =       0

Mem_Data_In =          0

Mem_Data_Out =          0

Result =          0

showLED = 0

pause_state = 0

Go = 0

LedData =          0

TotalCirc =    11

NoBranchCirc =     2

BranchCirc =     2

____REG____

addr =           0, Data=         0

addr =           1, Data=         0

addr =           2, Data=        34

addr =           3, Data=         0

addr =           4, Data=        31

addr =           5, Data=         0

addr =           6, Data=         0

addr =           7, Data=         0

addr =           8, Data=         0

addr =           9, Data=         0

addr =          10, Data=         0

addr =          11, Data=         0

addr =          12, Data=         0

addr =          13, Data=         0

addr =          14, Data=         0

addr =          15, Data=         0

addr =          16, Data=         0

addr =          17, Data=        31

addr =          18, Data=         0

addr =          19, Data=         0

addr =          31, Data=     12348

PC + 4
PC next is      12396
周期 =         12 ：

PC = 00003068：

IR = 00000000：

OP= 0, Func =  0
控制信号：

AluOp =  0, MemToReg=0, MemWrite=0, Alu_Src=0, RegWrite=1, Syscall=0, SignedExt = 0

RegDst = 1, BEQ=0, BNE = 0, JR=0, JMP=0, JAL=0

Equal = 1

rs =  0

rt =  0

rd =  0

rA =  0

rB =  0

rW =  0

imme16 =          0

imme26 =          0

wData =          0

RegOutA =          0

RegOutB =          0

Alu_InB =          0

Alu_Out =          0

MemAddr =       0

Mem_Data_In =          0

Mem_Data_Out =          0

Result =          0

showLED = 0

pause_state = 0

Go = 0

LedData =          0

TotalCirc =    12

NoBranchCirc =     2

BranchCirc =     2

____REG____

addr =           0, Data=         0

addr =           1, Data=         0

addr =           2, Data=        34

addr =           3, Data=         0

addr =           4, Data=        31

addr =           5, Data=         0

addr =           6, Data=         0

addr =           7, Data=         0

addr =           8, Data=         0

addr =           9, Data=         0

addr =          10, Data=         0

addr =          11, Data=         0

addr =          12, Data=         0

addr =          13, Data=         0

addr =          14, Data=         0

addr =          15, Data=         0

addr =          16, Data=         0

addr =          17, Data=        31

addr =          18, Data=         0

addr =          19, Data=         0

addr =          31, Data=     12348

PC + 4
PC next is      12400
周期 =         13 ：

PC = 0000306c：

IR = 00000000：

OP= 0, Func =  0
控制信号：

AluOp =  0, MemToReg=0, MemWrite=0, Alu_Src=0, RegWrite=1, Syscall=0, SignedExt = 0

RegDst = 1, BEQ=0, BNE = 0, JR=0, JMP=0, JAL=0

Equal = 1

rs =  0

rt =  0

rd =  0

rA =  0

rB =  0

rW =  0

imme16 =          0

imme26 =          0

wData =          0

RegOutA =          0

RegOutB =          0

Alu_InB =          0

Alu_Out =          0

MemAddr =       0

Mem_Data_In =          0

Mem_Data_Out =          0

Result =          0

showLED = 0

pause_state = 0

Go = 0

LedData =          0

TotalCirc =    13

NoBranchCirc =     2

BranchCirc =     2

____REG____

addr =           0, Data=         0

addr =           1, Data=         0

addr =           2, Data=        34

addr =           3, Data=         0

addr =           4, Data=        31

addr =           5, Data=         0

addr =           6, Data=         0

addr =           7, Data=         0

addr =           8, Data=         0

addr =           9, Data=         0

addr =          10, Data=         0

addr =          11, Data=         0

addr =          12, Data=         0

addr =          13, Data=         0

addr =          14, Data=         0

addr =          15, Data=         0

addr =          16, Data=         0

addr =          17, Data=        31

addr =          18, Data=         0

addr =          19, Data=         0

addr =          31, Data=     12348

PC + 4
PC next is      12404
周期 =         14 ：

PC = 00003070：

IR = 0000000c：

OP= 0, Func = 12
控制信号：

AluOp =  0, MemToReg=0, MemWrite=0, Alu_Src=0, RegWrite=0, Syscall=1, SignedExt = 0

RegDst = 0, BEQ=0, BNE = 0, JR=0, JMP=0, JAL=0

Equal = 0

rs =  0

rt =  0

rd =  0

rA =  2

rB =  4

rW =  0

imme16 =         12

imme26 =         12

wData =         31

RegOutA =         34

RegOutB =         31

Alu_InB =         31

Alu_Out =         31

MemAddr =       7

Mem_Data_In =         31

Mem_Data_Out =          0

Result =         31

showLED = 0

pause_state = 0

Go = 0

LedData =          0

TotalCirc =    14

NoBranchCirc =     2

BranchCirc =     2

INFO: [USF-XSim-96] XSim completed. Design snapshot 'tb_datapath_behav' loaded.
INFO: [USF-XSim-97] XSim simulation ran for 5000ns
launch_simulation: Time (s): cpu = 00:00:01 ; elapsed = 00:00:10 . Memory (MB): peak = 809.688 ; gain = 0.000
close_sim
INFO: [Simtcl 6-16] Simulation closed
close_sim: Time (s): cpu = 00:00:01 ; elapsed = 00:00:07 . Memory (MB): peak = 811.352 ; gain = 0.000
exit
INFO: [Common 17-206] Exiting Vivado at Thu Feb 21 09:40:50 2019...
