#-----------------------------------------------------------
# Vivado v2015.2 (64-bit)
# SW Build 1266856 on Fri Jun 26 16:35:25 MDT 2015
# IP Build 1264090 on Wed Jun 24 14:22:01 MDT 2015
# Start of session at: Tue Feb 19 07:56:40 2019
# Process ID: 6036
# Log file: D:/ARCHIVE/VIVADO_WORKPLACE/CPU/vivado.log
# Journal file: D:/ARCHIVE/VIVADO_WORKPLACE/CPU\vivado.jou
#-----------------------------------------------------------
start_gui
open_project D:/ARCHIVE/VIVADO_WORKPLACE/CPU/CPU.xpr
Scanning sources...
Finished scanning sources
INFO: [IP_Flow 19-234] Refreshing IP repositories
INFO: [IP_Flow 19-1704] No user IP repositories specified
INFO: [IP_Flow 19-2313] Loaded Vivado IP repository 'D:/software/VIVADO/Vivado/2015.2/data/ip'.
open_project: Time (s): cpu = 00:00:13 ; elapsed = 00:00:07 . Memory (MB): peak = 754.824 ; gain = 180.441
close [ open D:/ARCHIVE/VIVADO_WORKPLACE/CPU/CPU.srcs/sources_1/new/Alu.v w ]
add_files D:/ARCHIVE/VIVADO_WORKPLACE/CPU/CPU.srcs/sources_1/new/Alu.v
update_compile_order -fileset sources_1
close [ open D:/ARCHIVE/VIVADO_WORKPLACE/CPU/CPU.srcs/sources_1/new/Reg_File.v w ]
add_files D:/ARCHIVE/VIVADO_WORKPLACE/CPU/CPU.srcs/sources_1/new/Reg_File.v
update_compile_order -fileset sources_1
close [ open D:/ARCHIVE/VIVADO_WORKPLACE/CPU/CPU.srcs/sources_1/new/Button_Signal.v w ]
add_files D:/ARCHIVE/VIVADO_WORKPLACE/CPU/CPU.srcs/sources_1/new/Button_Signal.v
update_compile_order -fileset sources_1
exit
INFO: [Common 17-206] Exiting Vivado at Tue Feb 19 09:15:24 2019...
