INFO: [VRFC 10-2263] Analyzing Verilog file "D:/ARCHIVE/VIVADO_WORKPLACE/CPU/CPU.sim/sim_1/synth/timing/tb_View_time_synth.v" into library xil_defaultlib
INFO: [VRFC 10-311] analyzing module Alu
INFO: [VRFC 10-311] analyzing module Button_Signal
INFO: [VRFC 10-311] analyzing module Button_Signal_0
INFO: [VRFC 10-311] analyzing module CPU
INFO: [VRFC 10-311] analyzing module Controller
INFO: [VRFC 10-311] analyzing module Datapath
INFO: [VRFC 10-311] analyzing module Divider
INFO: [VRFC 10-311] analyzing module Divider_1
INFO: [VRFC 10-311] analyzing module FindData
INFO: [VRFC 10-311] analyzing module Mem_Data
INFO: [VRFC 10-311] analyzing module RAM32M_UNIQ_BASE_
INFO: [VRFC 10-311] analyzing module RAM32M_HD1
INFO: [VRFC 10-311] analyzing module RAM32M_HD10
INFO: [VRFC 10-311] analyzing module RAM32M_HD11
INFO: [VRFC 10-311] analyzing module RAM32M_HD2
INFO: [VRFC 10-311] analyzing module RAM32M_HD3
INFO: [VRFC 10-311] analyzing module RAM32M_HD4
INFO: [VRFC 10-311] analyzing module RAM32M_HD5
INFO: [VRFC 10-311] analyzing module RAM32M_HD6
INFO: [VRFC 10-311] analyzing module RAM32M_HD7
INFO: [VRFC 10-311] analyzing module RAM32M_HD8
INFO: [VRFC 10-311] analyzing module RAM32M_HD9
INFO: [VRFC 10-311] analyzing module Reg_File
INFO: [VRFC 10-311] analyzing module View
INFO: [VRFC 10-311] analyzing module glbl
INFO: [VRFC 10-2263] Analyzing Verilog file "D:/ARCHIVE/VIVADO_WORKPLACE/CPU/CPU.srcs/sim_1/new/tb_View.v" into library xil_defaultlib
INFO: [VRFC 10-311] analyzing module tb_View
INFO: [VRFC 10-2263] Analyzing Verilog file "D:/ARCHIVE/VIVADO_WORKPLACE/CPU/CPU.sim/sim_1/synth/timing/glbl.v" into library xil_defaultlib
INFO: [VRFC 10-311] analyzing module glbl
WARNING: [VRFC 10-1195] overwriting previous definition of module glbl [D:/ARCHIVE/VIVADO_WORKPLACE/CPU/CPU.sim/sim_1/synth/timing/glbl.v:6]
