Copyright 1986-2015 Xilinx, Inc. All Rights Reserved.
----------------------------------------------------------------------------------------
| Tool Version     : Vivado v.2015.2 (win64) Build 1266856 Fri Jun 26 16:35:25 MDT 2015
| Date             : Sat Feb 23 10:41:57 2019
| Host             : DESKTOP-2EGO8KQ running 64-bit major release  (build 9200)
| Command          : 
| Design           : View
| Device           : xc7a100tcsg324-1
| Design State     : Routed
| Grade            : commercial
| Process          : typical
| Characterization : Production
----------------------------------------------------------------------------------------

Power Report

Table of Contents
-----------------
1. Summary
1.1 On-Chip Components
1.2 Power Supply Summary
1.3 Confidence Level
2. Settings
2.1 Environment
2.2 Clock Constraints
3. Detailed Reports
3.1 By Hierarchy

1. Summary
----------

+--------------------------+-----------------------------------+
| Total On-Chip Power (W)  | 113.965 (Junction temp exceeded!) |
| Dynamic (W)              | 113.168                           |
| Device Static (W)        | 0.797                             |
| Effective TJA (C/W)      | 4.6                               |
| Max Ambient (C)          | 0.0                               |
| Junction Temperature (C) | 125.0                             |
| Confidence Level         | Low                               |
| Setting File             | ---                               |
| Simulation Activity File | ---                               |
| Design Nets Matched      | NA                                |
+--------------------------+-----------------------------------+


1.1 On-Chip Components
----------------------

+----------------+-----------+----------+-----------+-----------------+
| On-Chip        | Power (W) | Used     | Available | Utilization (%) |
+----------------+-----------+----------+-----------+-----------------+
| Slice Logic    |    56.777 |     8435 |       --- |             --- |
|   LUT as Logic |    51.518 |     5453 |     63400 |            8.60 |
|   CARRY4       |     5.002 |     1045 |     15850 |            6.59 |
|   Register     |     0.157 |      727 |    126800 |            0.57 |
|   F7/F8 Muxes  |     0.053 |       96 |     63400 |            0.15 |
|   BUFG         |     0.047 |        3 |        32 |            9.38 |
|   Others       |     0.000 |       50 |       --- |             --- |
| Signals        |    53.631 |     7520 |       --- |             --- |
| DSPs           |     2.688 |        3 |       240 |            1.25 |
| I/O            |     0.072 |       34 |       210 |           16.19 |
| Static Power   |     0.797 |          |           |                 |
| Total          |   113.965 |          |           |                 |
+----------------+-----------+----------+-----------+-----------------+


1.2 Power Supply Summary
------------------------

+-----------+-------------+-----------+-------------+------------+
| Source    | Voltage (V) | Total (A) | Dynamic (A) | Static (A) |
+-----------+-------------+-----------+-------------+------------+
| Vccint    |       1.000 |   113.730 |     113.168 |      0.563 |
| Vccaux    |       1.800 |     0.093 |       0.000 |      0.093 |
| Vcco33    |       3.300 |     0.004 |       0.000 |      0.004 |
| Vcco25    |       2.500 |     0.000 |       0.000 |      0.000 |
| Vcco18    |       1.800 |     0.000 |       0.000 |      0.000 |
| Vcco15    |       1.500 |     0.000 |       0.000 |      0.000 |
| Vcco135   |       1.350 |     0.000 |       0.000 |      0.000 |
| Vcco12    |       1.200 |     0.000 |       0.000 |      0.000 |
| Vccaux_io |       1.800 |     0.000 |       0.000 |      0.000 |
| Vccbram   |       1.000 |     0.018 |       0.000 |      0.018 |
| MGTAVcc   |       1.000 |     0.000 |       0.000 |      0.000 |
| MGTAVtt   |       1.200 |     0.000 |       0.000 |      0.000 |
| Vccadc    |       1.800 |     0.020 |       0.000 |      0.020 |
+-----------+-------------+-----------+-------------+------------+


1.3 Confidence Level
--------------------

+-----------------------------+------------+--------------------------------------------------------+--------------------------------------------------------------------------------------------------------------------+
| User Input Data             | Confidence | Details                                                | Action                                                                                                             |
+-----------------------------+------------+--------------------------------------------------------+--------------------------------------------------------------------------------------------------------------------+
| Design implementation state | High       | Design is routed                                       |                                                                                                                    |
| Clock nodes activity        | Low        | User specified less than 75% of clocks                 | Provide missing clock activity with a constraint file, simulation results or by editing the "By Clock Domain" view |
| I/O nodes activity          | Low        | More than 75% of inputs are missing user specification | Provide missing input activity with simulation results or by editing the "By Resource Type -> I/Os" view           |
| Internal nodes activity     | Medium     | User specified less than 25% of internal nodes         | Provide missing internal nodes activity with simulation results or by editing the "By Resource Type" views         |
| Device models               | High       | Device models are Production                           |                                                                                                                    |
|                             |            |                                                        |                                                                                                                    |
| Overall confidence level    | Low        |                                                        |                                                                                                                    |
+-----------------------------+------------+--------------------------------------------------------+--------------------------------------------------------------------------------------------------------------------+


2. Settings
-----------

2.1 Environment
---------------

+-----------------------+--------------------------+
| Ambient Temp (C)      | 25.0                     |
| ThetaJA (C/W)         | 4.6                      |
| Airflow (LFM)         | 250                      |
| Heat Sink             | medium (Medium Profile)  |
| ThetaSA (C/W)         | 4.6                      |
| Board Selection       | medium (10"x10")         |
| # of Board Layers     | 12to15 (12 to 15 Layers) |
| Board Temperature (C) | 25.0                     |
+-----------------------+--------------------------+


2.2 Clock Constraints
---------------------

+-------+--------+-----------------+
| Clock | Domain | Constraint (ns) |
+-------+--------+-----------------+


3. Detailed Reports
-------------------

3.1 By Hierarchy
----------------

+-----------------+-----------+
| Name            | Power (W) |
+-----------------+-----------+
| View            |   113.168 |
|   cpu           |    50.077 |
|     GOBS        |     0.008 |
|     RSTBS       |     0.053 |
|     datapath    |    49.724 |
|       A2        |     2.522 |
|       A3        |    43.206 |
|       A4        |     3.205 |
|     divider     |     0.293 |
|   finddata      |    57.889 |
|     showDivider |     0.102 |
+-----------------+-----------+


