INFO: [VRFC 10-2263] Analyzing Verilog file "D:/ARCHIVE/VIVADO_WORKPLACE/CPU/CPU.sim/sim_1/impl/func/tb_CPU_func_impl.v" into library xil_defaultlib
INFO: [VRFC 10-311] analyzing module Alu
INFO: [VRFC 10-311] analyzing module Button_Signal
INFO: [VRFC 10-311] analyzing module Button_Signal_0
INFO: [VRFC 10-311] analyzing module CPU
INFO: [VRFC 10-311] analyzing module Controller
INFO: [VRFC 10-311] analyzing module Datapath
INFO: [VRFC 10-311] analyzing module Divider
INFO: [VRFC 10-311] analyzing module Divider_1
INFO: [VRFC 10-311] analyzing module FindData
INFO: [VRFC 10-311] analyzing module Mem_Data
INFO: [VRFC 10-311] analyzing module Reg_File
INFO: [VRFC 10-311] analyzing module View
INFO: [VRFC 10-311] analyzing module glbl
INFO: [VRFC 10-2263] Analyzing Verilog file "D:/ARCHIVE/VIVADO_WORKPLACE/CPU/CPU.srcs/sources_1/new/Reg_File.v" into library xil_defaultlib
INFO: [VRFC 10-311] analyzing module Reg_File
WARNING: [VRFC 10-1195] overwriting previous definition of module Reg_File [D:/ARCHIVE/VIVADO_WORKPLACE/CPU/CPU.srcs/sources_1/new/Reg_File.v:3]
INFO: [VRFC 10-2263] Analyzing Verilog file "D:/ARCHIVE/VIVADO_WORKPLACE/CPU/CPU.srcs/sources_1/new/Mem_Ins.v" into library xil_defaultlib
INFO: [VRFC 10-311] analyzing module Mem_Ins
WARNING: [VRFC 10-756] identifier MEMLEN is used before its declaration [D:/ARCHIVE/VIVADO_WORKPLACE/CPU/CPU.srcs/sources_1/new/Mem_Ins.v:4]
INFO: [VRFC 10-2263] Analyzing Verilog file "D:/ARCHIVE/VIVADO_WORKPLACE/CPU/CPU.srcs/sources_1/new/Mem_Data.v" into library xil_defaultlib
INFO: [VRFC 10-311] analyzing module Mem_Data
WARNING: [VRFC 10-1195] overwriting previous definition of module Mem_Data [D:/ARCHIVE/VIVADO_WORKPLACE/CPU/CPU.srcs/sources_1/new/Mem_Data.v:10]
INFO: [VRFC 10-2263] Analyzing Verilog file "D:/ARCHIVE/VIVADO_WORKPLACE/CPU/CPU.srcs/sources_1/new/Controller.v" into library xil_defaultlib
INFO: [VRFC 10-311] analyzing module Controller
WARNING: [VRFC 10-1195] overwriting previous definition of module Controller [D:/ARCHIVE/VIVADO_WORKPLACE/CPU/CPU.srcs/sources_1/new/Controller.v:4]
INFO: [VRFC 10-2263] Analyzing Verilog file "D:/ARCHIVE/VIVADO_WORKPLACE/CPU/CPU.srcs/sources_1/new/Alu.v" into library xil_defaultlib
INFO: [VRFC 10-311] analyzing module Alu
WARNING: [VRFC 10-1195] overwriting previous definition of module Alu [D:/ARCHIVE/VIVADO_WORKPLACE/CPU/CPU.srcs/sources_1/new/Alu.v:3]
INFO: [VRFC 10-2263] Analyzing Verilog file "D:/ARCHIVE/VIVADO_WORKPLACE/CPU/CPU.srcs/sources_1/new/Datapath.v" into library xil_defaultlib
INFO: [VRFC 10-311] analyzing module Datapath
WARNING: [VRFC 10-756] identifier Result is used before its declaration [D:/ARCHIVE/VIVADO_WORKPLACE/CPU/CPU.srcs/sources_1/new/Datapath.v:88]
WARNING: [VRFC 10-756] identifier Result is used before its declaration [D:/ARCHIVE/VIVADO_WORKPLACE/CPU/CPU.srcs/sources_1/new/Datapath.v:92]
WARNING: [VRFC 10-1195] overwriting previous definition of module Datapath [D:/ARCHIVE/VIVADO_WORKPLACE/CPU/CPU.srcs/sources_1/new/Datapath.v:4]
INFO: [VRFC 10-2263] Analyzing Verilog file "D:/ARCHIVE/VIVADO_WORKPLACE/CPU/CPU.srcs/sources_1/new/Divider.v" into library xil_defaultlib
INFO: [VRFC 10-311] analyzing module Divider
WARNING: [VRFC 10-1195] overwriting previous definition of module Divider [D:/ARCHIVE/VIVADO_WORKPLACE/CPU/CPU.srcs/sources_1/new/Divider.v:3]
INFO: [VRFC 10-2263] Analyzing Verilog file "D:/ARCHIVE/VIVADO_WORKPLACE/CPU/CPU.srcs/sources_1/new/Button_Signal.v" into library xil_defaultlib
INFO: [VRFC 10-311] analyzing module Button_Signal
WARNING: [VRFC 10-1195] overwriting previous definition of module Button_Signal [D:/ARCHIVE/VIVADO_WORKPLACE/CPU/CPU.srcs/sources_1/new/Button_Signal.v:3]
INFO: [VRFC 10-2263] Analyzing Verilog file "D:/ARCHIVE/VIVADO_WORKPLACE/CPU/CPU.srcs/sources_1/new/CPU.v" into library xil_defaultlib
INFO: [VRFC 10-311] analyzing module CPU
WARNING: [VRFC 10-1195] overwriting previous definition of module CPU [D:/ARCHIVE/VIVADO_WORKPLACE/CPU/CPU.srcs/sources_1/new/CPU.v:3]
INFO: [VRFC 10-2263] Analyzing Verilog file "D:/ARCHIVE/VIVADO_WORKPLACE/CPU/CPU.srcs/sim_1/new/tb_CPU.v" into library xil_defaultlib
INFO: [VRFC 10-311] analyzing module tb_CPU
INFO: [VRFC 10-2263] Analyzing Verilog file "D:/ARCHIVE/VIVADO_WORKPLACE/CPU/CPU.sim/sim_1/impl/func/glbl.v" into library xil_defaultlib
INFO: [VRFC 10-311] analyzing module glbl
WARNING: [VRFC 10-1195] overwriting previous definition of module glbl [D:/ARCHIVE/VIVADO_WORKPLACE/CPU/CPU.sim/sim_1/impl/func/glbl.v:6]
